{"/home/travis/build/npmtest/node-npmtest-toastr/test.js":{"path":"/home/travis/build/npmtest/node-npmtest-toastr/test.js","s":{"1":2,"2":2,"3":2,"4":2,"5":2,"6":2,"7":2,"8":1,"9":2,"10":2,"11":1,"12":1,"13":1,"14":1,"15":2,"16":2,"17":2,"18":2,"19":1,"20":1,"21":2,"22":2,"23":2,"24":1,"25":1,"26":1,"27":1,"28":1,"29":1,"30":1,"31":1,"32":1,"33":1,"34":1,"35":1,"36":1,"37":1,"38":1,"39":2,"40":2,"41":1,"42":2,"43":2,"44":1,"45":2,"46":2,"47":1,"48":2,"49":2,"50":1,"51":1,"52":1,"53":1,"54":1},"b":{"1":[2,1,1,1],"2":[1,1,1,1],"3":[1,1],"4":[1,1],"5":[1,1],"6":[1,1],"7":[1,1],"8":[1,1],"9":[1,1],"10":[1,1,1],"11":[1,1],"12":[1,1],"13":[1,1],"14":[1,1],"15":[1,1],"16":[1,1],"17":[1,1]},"f":{"1":2,"2":2,"3":2,"4":2,"5":2,"6":1,"7":1,"8":1,"9":2,"10":2,"11":2,"12":2,"13":1},"fnMap":{"1":{"name":"(anonymous_1)","line":12,"loc":{"start":{"line":12,"column":1},"end":{"line":12,"column":13}}},"2":{"name":"(anonymous_2)","line":19,"loc":{"start":{"line":19,"column":5},"end":{"line":19,"column":17}}},"3":{"name":"(anonymous_3)","line":23,"loc":{"start":{"line":23,"column":24},"end":{"line":23,"column":36}}},"4":{"name":"(anonymous_4)","line":61,"loc":{"start":{"line":61,"column":5},"end":{"line":61,"column":17}}},"5":{"name":"(anonymous_5)","line":82,"loc":{"start":{"line":82,"column":5},"end":{"line":82,"column":17}}},"6":{"name":"(anonymous_6)","line":91,"loc":{"start":{"line":91,"column":77},"end":{"line":94,"column":10}}},"7":{"name":"(anonymous_7)","line":112,"loc":{"start":{"line":112,"column":83},"end":{"line":115,"column":10}},"skip":true},"8":{"name":"(anonymous_8)","line":123,"loc":{"start":{"line":123,"column":77},"end":{"line":126,"column":10}},"skip":true},"9":{"name":"(anonymous_9)","line":139,"loc":{"start":{"line":139,"column":12},"end":{"line":139,"column":40}},"skip":true},"10":{"name":"(anonymous_10)","line":147,"loc":{"start":{"line":147,"column":77},"end":{"line":150,"column":10}},"skip":true},"11":{"name":"(anonymous_11)","line":158,"loc":{"start":{"line":158,"column":83},"end":{"line":161,"column":10}},"skip":true},"12":{"name":"(anonymous_12)","line":169,"loc":{"start":{"line":169,"column":79},"end":{"line":172,"column":10}},"skip":true},"13":{"name":"(anonymous_13)","line":180,"loc":{"start":{"line":180,"column":75},"end":{"line":183,"column":10}},"skip":true}},"statementMap":{"1":{"start":{"line":12,"column":0},"end":{"line":195,"column":5}},"2":{"start":{"line":14,"column":4},"end":{"line":14,"column":14}},"3":{"start":{"line":19,"column":4},"end":{"line":56,"column":9}},"4":{"start":{"line":21,"column":8},"end":{"line":21,"column":19}},"5":{"start":{"line":23,"column":8},"end":{"line":35,"column":13}},"6":{"start":{"line":24,"column":12},"end":{"line":34,"column":13}},"7":{"start":{"line":25,"column":16},"end":{"line":28,"column":30}},"8":{"start":{"line":30,"column":16},"end":{"line":33,"column":27}},"9":{"start":{"line":37,"column":8},"end":{"line":39,"column":21}},"10":{"start":{"line":40,"column":8},"end":{"line":53,"column":9}},"11":{"start":{"line":43,"column":12},"end":{"line":46,"column":14}},"12":{"start":{"line":47,"column":12},"end":{"line":47,"column":18}},"13":{"start":{"line":50,"column":12},"end":{"line":51,"column":46}},"14":{"start":{"line":52,"column":12},"end":{"line":52,"column":18}},"15":{"start":{"line":55,"column":8},"end":{"line":55,"column":35}},"16":{"start":{"line":61,"column":4},"end":{"line":63,"column":9}},"17":{"start":{"line":62,"column":8},"end":{"line":62,"column":15}},"18":{"start":{"line":64,"column":4},"end":{"line":77,"column":5}},"19":{"start":{"line":70,"column":8},"end":{"line":70,"column":14}},"20":{"start":{"line":76,"column":8},"end":{"line":76,"column":14}},"21":{"start":{"line":82,"column":4},"end":{"line":84,"column":9}},"22":{"start":{"line":83,"column":8},"end":{"line":83,"column":15}},"23":{"start":{"line":85,"column":4},"end":{"line":194,"column":5}},"24":{"start":{"line":91,"column":8},"end":{"line":99,"column":10}},"25":{"start":{"line":98,"column":12},"end":{"line":98,"column":35}},"26":{"start":{"line":102,"column":8},"end":{"line":104,"column":63}},"27":{"start":{"line":105,"column":8},"end":{"line":105,"column":14}},"28":{"start":{"line":112,"column":8},"end":{"line":121,"column":10},"skip":true},"29":{"start":{"line":119,"column":12},"end":{"line":119,"column":55},"skip":true},"30":{"start":{"line":120,"column":12},"end":{"line":120,"column":48},"skip":true},"31":{"start":{"line":123,"column":8},"end":{"line":136,"column":10},"skip":true},"32":{"start":{"line":130,"column":12},"end":{"line":130,"column":76},"skip":true},"33":{"start":{"line":131,"column":12},"end":{"line":131,"column":73},"skip":true},"34":{"start":{"line":132,"column":12},"end":{"line":132,"column":74},"skip":true},"35":{"start":{"line":133,"column":12},"end":{"line":133,"column":79},"skip":true},"36":{"start":{"line":134,"column":12},"end":{"line":134,"column":25},"skip":true},"37":{"start":{"line":135,"column":12},"end":{"line":135,"column":45},"skip":true},"38":{"start":{"line":138,"column":8},"end":{"line":145,"column":14},"skip":true},"39":{"start":{"line":143,"column":16},"end":{"line":143,"column":29},"skip":true},"40":{"start":{"line":144,"column":16},"end":{"line":144,"column":55},"skip":true},"41":{"start":{"line":147,"column":8},"end":{"line":156,"column":10},"skip":true},"42":{"start":{"line":154,"column":12},"end":{"line":154,"column":25},"skip":true},"43":{"start":{"line":155,"column":12},"end":{"line":155,"column":45},"skip":true},"44":{"start":{"line":158,"column":8},"end":{"line":167,"column":10},"skip":true},"45":{"start":{"line":165,"column":12},"end":{"line":165,"column":25},"skip":true},"46":{"start":{"line":166,"column":12},"end":{"line":166,"column":48},"skip":true},"47":{"start":{"line":169,"column":8},"end":{"line":178,"column":10},"skip":true},"48":{"start":{"line":176,"column":12},"end":{"line":176,"column":25},"skip":true},"49":{"start":{"line":177,"column":12},"end":{"line":177,"column":46},"skip":true},"50":{"start":{"line":180,"column":8},"end":{"line":189,"column":10},"skip":true},"51":{"start":{"line":187,"column":12},"end":{"line":187,"column":94},"skip":true},"52":{"start":{"line":188,"column":12},"end":{"line":188,"column":48},"skip":true},"53":{"start":{"line":192,"column":8},"end":{"line":192,"column":35},"skip":true},"54":{"start":{"line":193,"column":8},"end":{"line":193,"column":14},"skip":true}},"branchMap":{"1":{"line":25,"type":"binary-expr","locations":[{"start":{"line":25,"column":23},"end":{"line":25,"column":62}},{"start":{"line":26,"column":20},"end":{"line":26,"column":70}},{"start":{"line":27,"column":20},"end":{"line":27,"column":71}},{"start":{"line":28,"column":20},"end":{"line":28,"column":29}}]},"2":{"line":30,"type":"binary-expr","locations":[{"start":{"line":30,"column":23},"end":{"line":30,"column":37}},{"start":{"line":31,"column":20},"end":{"line":31,"column":61}},{"start":{"line":32,"column":20},"end":{"line":32,"column":70}},{"start":{"line":33,"column":20},"end":{"line":33,"column":26}}]},"3":{"line":37,"type":"cond-expr","locations":[{"start":{"line":38,"column":14},"end":{"line":38,"column":20}},{"start":{"line":39,"column":14},"end":{"line":39,"column":20}}]},"4":{"line":40,"type":"switch","locations":[{"start":{"line":42,"column":8},"end":{"line":47,"column":18}},{"start":{"line":49,"column":8},"end":{"line":52,"column":18}}]},"5":{"line":44,"type":"binary-expr","locations":[{"start":{"line":44,"column":16},"end":{"line":44,"column":44}},{"start":{"line":44,"column":48},"end":{"line":44,"column":66}}]},"6":{"line":50,"type":"binary-expr","locations":[{"start":{"line":50,"column":21},"end":{"line":50,"column":49}},{"start":{"line":50,"column":53},"end":{"line":50,"column":72}}]},"7":{"line":64,"type":"switch","locations":[{"start":{"line":69,"column":4},"end":{"line":70,"column":14}},{"start":{"line":75,"column":4},"end":{"line":76,"column":14}}]},"8":{"line":85,"type":"switch","locations":[{"start":{"line":90,"column":4},"end":{"line":105,"column":14}},{"start":{"line":111,"column":4},"end":{"line":193,"column":14},"skip":true}]},"9":{"line":91,"type":"binary-expr","locations":[{"start":{"line":91,"column":42},"end":{"line":91,"column":73}},{"start":{"line":91,"column":77},"end":{"line":99,"column":9}}]},"10":{"line":102,"type":"binary-expr","locations":[{"start":{"line":102,"column":18},"end":{"line":102,"column":32}},{"start":{"line":103,"column":12},"end":{"line":103,"column":53}},{"start":{"line":104,"column":12},"end":{"line":104,"column":61}}]},"11":{"line":112,"type":"binary-expr","locations":[{"start":{"line":112,"column":45},"end":{"line":112,"column":79},"skip":true},{"start":{"line":112,"column":83},"end":{"line":121,"column":9},"skip":true}]},"12":{"line":123,"type":"binary-expr","locations":[{"start":{"line":123,"column":42},"end":{"line":123,"column":73},"skip":true},{"start":{"line":123,"column":77},"end":{"line":136,"column":9},"skip":true}]},"13":{"line":138,"type":"binary-expr","locations":[{"start":{"line":138,"column":48},"end":{"line":138,"column":85},"skip":true},{"start":{"line":139,"column":12},"end":{"line":145,"column":13},"skip":true}]},"14":{"line":147,"type":"binary-expr","locations":[{"start":{"line":147,"column":42},"end":{"line":147,"column":73},"skip":true},{"start":{"line":147,"column":77},"end":{"line":156,"column":9},"skip":true}]},"15":{"line":158,"type":"binary-expr","locations":[{"start":{"line":158,"column":45},"end":{"line":158,"column":79},"skip":true},{"start":{"line":158,"column":83},"end":{"line":167,"column":9},"skip":true}]},"16":{"line":169,"type":"binary-expr","locations":[{"start":{"line":169,"column":43},"end":{"line":169,"column":75},"skip":true},{"start":{"line":169,"column":79},"end":{"line":178,"column":9},"skip":true}]},"17":{"line":180,"type":"binary-expr","locations":[{"start":{"line":180,"column":41},"end":{"line":180,"column":71},"skip":true},{"start":{"line":180,"column":75},"end":{"line":189,"column":9},"skip":true}]}},"code":["/* istanbul instrument in package npmtest_toastr */","/*jslint","    bitwise: true,","    browser: true,","    maxerr: 8,","    maxlen: 96,","    node: true,","    nomen: true,","    regexp: true,","    stupid: true","*/","(function () {","    'use strict';","    var local;","","","","    // run shared js-env code - pre-init","    (function () {","        // init local","        local = {};","        // init modeJs","        local.modeJs = (function () {","            try {","                return typeof navigator.userAgent === 'string' &&","                    typeof document.querySelector('body') === 'object' &&","                    typeof XMLHttpRequest.prototype.open === 'function' &&","                    'browser';","            } catch (errorCaughtBrowser) {","                return module.exports &&","                    typeof process.versions.node === 'string' &&","                    typeof require('http').createServer === 'function' &&","                    'node';","            }","        }());","        // init global","        local.global = local.modeJs === 'browser'","            ? window","            : global;","        switch (local.modeJs) {","        // re-init local from window.local","        case 'browser':","            local = local.global.utility2.objectSetDefault(","                local.global.utility2_rollup || local.global.local,","                local.global.utility2","            );","            break;","        // re-init local from example.js","        case 'node':","            local = (local.global.utility2_rollup || require('utility2'))","                .requireExampleJsFromReadme();","            break;","        }","        // export local","        local.global.local = local;","    }());","","","","    // run shared js-env code - function","    (function () {","        return;","    }());","    switch (local.modeJs) {","","","","    // run browser js-env code - function","    case 'browser':","        break;","","","","    // run node js-env code - function","    case 'node':","        break;","    }","","","","    // run shared js-env code - post-init","    (function () {","        return;","    }());","    switch (local.modeJs) {","","","","    // run browser js-env code - post-init","    case 'browser':","        local.testCase_browser_nullCase = local.testCase_browser_nullCase || function (","            options,","            onError","        ) {","        /*","         * this function will test browsers's null-case handling-behavior-behavior","         */","            onError(null, options);","        };","","        // run tests","        local.nop(local.modeTest &&","            document.querySelector('#testRunButton1') &&","            document.querySelector('#testRunButton1').click());","        break;","","","","    // run node js-env code - post-init","    /* istanbul ignore next */","    case 'node':","        local.testCase_buildApidoc_default = local.testCase_buildApidoc_default || function (","            options,","            onError","        ) {","        /*","         * this function will test buildApidoc's default handling-behavior-behavior","         */","            options = { modulePathList: module.paths };","            local.buildApidoc(options, onError);","        };","","        local.testCase_buildApp_default = local.testCase_buildApp_default || function (","            options,","            onError","        ) {","        /*","         * this function will test buildApp's default handling-behavior-behavior","         */","            local.testCase_buildReadme_default(options, local.onErrorThrow);","            local.testCase_buildLib_default(options, local.onErrorThrow);","            local.testCase_buildTest_default(options, local.onErrorThrow);","            local.testCase_buildCustomOrg_default(options, local.onErrorThrow);","            options = [];","            local.buildApp(options, onError);","        };","","        local.testCase_buildCustomOrg_default = local.testCase_buildCustomOrg_default ||","            function (options, onError) {","            /*","             * this function will test buildCustomOrg's default handling-behavior","             */","                options = {};","                local.buildCustomOrg(options, onError);","            };","","        local.testCase_buildLib_default = local.testCase_buildLib_default || function (","            options,","            onError","        ) {","        /*","         * this function will test buildLib's default handling-behavior","         */","            options = {};","            local.buildLib(options, onError);","        };","","        local.testCase_buildReadme_default = local.testCase_buildReadme_default || function (","            options,","            onError","        ) {","        /*","         * this function will test buildReadme's default handling-behavior-behavior","         */","            options = {};","            local.buildReadme(options, onError);","        };","","        local.testCase_buildTest_default = local.testCase_buildTest_default || function (","            options,","            onError","        ) {","        /*","         * this function will test buildTest's default handling-behavior","         */","            options = {};","            local.buildTest(options, onError);","        };","","        local.testCase_webpage_default = local.testCase_webpage_default || function (","            options,","            onError","        ) {","        /*","         * this function will test webpage's default handling-behavior","         */","            options = { modeCoverageMerge: true, url: local.serverLocalHost + '?modeTest=1' };","            local.browserTest(options, onError);","        };","","        // run test-server","        local.testRunServer(local);","        break;","    }","}());",""],"l":{"12":2,"14":2,"19":2,"21":2,"23":2,"24":2,"25":2,"30":1,"37":2,"40":2,"43":1,"47":1,"50":1,"52":1,"55":2,"61":2,"62":2,"64":2,"70":1,"76":1,"82":2,"83":2,"85":2,"91":1,"98":1,"102":1,"105":1,"112":1,"119":1,"120":1,"123":1,"130":1,"131":1,"132":1,"133":1,"134":1,"135":1,"138":1,"143":2,"144":2,"147":1,"154":2,"155":2,"158":1,"165":2,"166":2,"169":1,"176":2,"177":2,"180":1,"187":1,"188":1,"192":1,"193":1}},"/home/travis/build/npmtest/node-npmtest-toastr/lib.npmtest_toastr.js":{"path":"/home/travis/build/npmtest/node-npmtest-toastr/lib.npmtest_toastr.js","s":{"1":2,"2":2,"3":2,"4":2,"5":2,"6":2,"7":2,"8":1,"9":2,"10":2,"11":2,"12":2,"13":1,"14":1,"15":1,"16":1},"b":{"1":[2,1,1,1],"2":[1,1,1,1],"3":[1,1],"4":[2,2],"5":[1,1]},"f":{"1":2,"2":2,"3":2},"fnMap":{"1":{"name":"(anonymous_1)","line":12,"loc":{"start":{"line":12,"column":1},"end":{"line":12,"column":13}}},"2":{"name":"(anonymous_2)","line":19,"loc":{"start":{"line":19,"column":5},"end":{"line":19,"column":17}}},"3":{"name":"(anonymous_3)","line":23,"loc":{"start":{"line":23,"column":24},"end":{"line":23,"column":36}}}},"statementMap":{"1":{"start":{"line":12,"column":0},"end":{"line":53,"column":5}},"2":{"start":{"line":14,"column":4},"end":{"line":14,"column":14}},"3":{"start":{"line":19,"column":4},"end":{"line":52,"column":9}},"4":{"start":{"line":21,"column":8},"end":{"line":21,"column":19}},"5":{"start":{"line":23,"column":8},"end":{"line":35,"column":13}},"6":{"start":{"line":24,"column":12},"end":{"line":34,"column":13}},"7":{"start":{"line":25,"column":16},"end":{"line":28,"column":30}},"8":{"start":{"line":30,"column":16},"end":{"line":33,"column":27}},"9":{"start":{"line":37,"column":8},"end":{"line":39,"column":21}},"10":{"start":{"line":41,"column":8},"end":{"line":41,"column":54}},"11":{"start":{"line":43,"column":8},"end":{"line":43,"column":51}},"12":{"start":{"line":45,"column":8},"end":{"line":51,"column":9}},"13":{"start":{"line":46,"column":12},"end":{"line":46,"column":57}},"14":{"start":{"line":48,"column":12},"end":{"line":48,"column":35}},"15":{"start":{"line":49,"column":12},"end":{"line":49,"column":49}},"16":{"start":{"line":50,"column":12},"end":{"line":50,"column":43}}},"branchMap":{"1":{"line":25,"type":"binary-expr","locations":[{"start":{"line":25,"column":23},"end":{"line":25,"column":62}},{"start":{"line":26,"column":20},"end":{"line":26,"column":70}},{"start":{"line":27,"column":20},"end":{"line":27,"column":71}},{"start":{"line":28,"column":20},"end":{"line":28,"column":29}}]},"2":{"line":30,"type":"binary-expr","locations":[{"start":{"line":30,"column":23},"end":{"line":30,"column":37}},{"start":{"line":31,"column":20},"end":{"line":31,"column":61}},{"start":{"line":32,"column":20},"end":{"line":32,"column":70}},{"start":{"line":33,"column":20},"end":{"line":33,"column":26}}]},"3":{"line":37,"type":"cond-expr","locations":[{"start":{"line":38,"column":14},"end":{"line":38,"column":20}},{"start":{"line":39,"column":14},"end":{"line":39,"column":20}}]},"4":{"line":41,"type":"binary-expr","locations":[{"start":{"line":41,"column":16},"end":{"line":41,"column":44}},{"start":{"line":41,"column":48},"end":{"line":41,"column":53}}]},"5":{"line":45,"type":"if","locations":[{"start":{"line":45,"column":8},"end":{"line":45,"column":8}},{"start":{"line":45,"column":8},"end":{"line":45,"column":8}}]}},"code":["/* istanbul instrument in package npmtest_toastr */","/*jslint","    bitwise: true,","    browser: true,","    maxerr: 8,","    maxlen: 96,","    node: true,","    nomen: true,","    regexp: true,","    stupid: true","*/","(function () {","    'use strict';","    var local;","","","","    // run shared js-env code - pre-init","    (function () {","        // init local","        local = {};","        // init modeJs","        local.modeJs = (function () {","            try {","                return typeof navigator.userAgent === 'string' &&","                    typeof document.querySelector('body') === 'object' &&","                    typeof XMLHttpRequest.prototype.open === 'function' &&","                    'browser';","            } catch (errorCaughtBrowser) {","                return module.exports &&","                    typeof process.versions.node === 'string' &&","                    typeof require('http').createServer === 'function' &&","                    'node';","            }","        }());","        // init global","        local.global = local.modeJs === 'browser'","            ? window","            : global;","        // init utility2_rollup","        local = local.global.utility2_rollup || local;","        // init lib","        local.local = local.npmtest_toastr = local;","        // init exports","        if (local.modeJs === 'browser') {","            local.global.utility2_npmtest_toastr = local;","        } else {","            module.exports = local;","            module.exports.__dirname = __dirname;","            module.exports.module = module;","        }","    }());","}());",""],"l":{"12":2,"14":2,"19":2,"21":2,"23":2,"24":2,"25":2,"30":1,"37":2,"41":2,"43":2,"45":2,"46":1,"48":1,"49":1,"50":1}},"/home/travis/build/npmtest/node-npmtest-toastr/example.js":{"path":"/home/travis/build/npmtest/node-npmtest-toastr/example.js","s":{"1":2,"2":2,"3":2,"4":2,"5":2,"6":2,"7":2,"8":1,"9":2,"10":2,"11":2,"12":2,"13":1,"14":2,"15":2,"16":2,"17":2,"18":2,"19":0,"20":2,"21":1,"22":1,"23":1,"24":1,"25":1,"26":0,"27":0,"28":1,"29":1,"30":2,"31":0,"32":0,"33":0,"34":1,"35":2,"36":2,"37":3,"38":3,"39":3,"40":3,"41":0,"42":3,"43":3,"44":3,"45":1,"46":3,"47":1,"48":1,"49":1,"50":1,"51":1,"52":1,"53":1,"54":1,"55":1,"56":1,"57":0,"58":1,"59":6,"60":6,"61":1,"62":2,"63":0,"64":2,"65":1,"66":1,"67":0,"68":0,"69":0,"70":0,"71":0,"72":0,"73":0,"74":0,"75":0,"76":0,"77":0,"78":0,"79":0,"80":0,"81":0,"82":0,"83":0},"b":{"1":[2,1,1,1],"2":[1,1,1,1],"3":[1,1],"4":[2,2],"5":[1,1],"6":[1,1],"7":[2,0],"8":[2,1,1,1,1,1],"9":[0,2,0],"10":[1,1],"11":[2,1,1],"12":[1,0],"13":[0,2],"14":[2,0,0,0,0,0,0],"15":[0,3],"16":[3,0],"17":[1,1],"18":[0,1],"19":[1,2,0,2],"20":[1,0],"21":[1,1],"22":[0,0],"23":[0,0],"24":[0,0],"25":[0,0],"26":[0,0],"27":[0,0],"28":[0,0]},"f":{"1":2,"2":2,"3":2,"4":2,"5":2,"6":2,"7":3,"8":3,"9":3,"10":1,"11":6,"12":0},"fnMap":{"1":{"name":"(anonymous_1)","line":26,"loc":{"start":{"line":26,"column":1},"end":{"line":26,"column":13}}},"2":{"name":"(anonymous_2)","line":33,"loc":{"start":{"line":33,"column":5},"end":{"line":33,"column":17}}},"3":{"name":"(anonymous_3)","line":37,"loc":{"start":{"line":37,"column":24},"end":{"line":37,"column":36}}},"4":{"name":"(anonymous_4)","line":69,"loc":{"start":{"line":69,"column":31},"end":{"line":69,"column":48}},"skip":true},"5":{"name":"(anonymous_5)","line":78,"loc":{"start":{"line":78,"column":26},"end":{"line":78,"column":45}},"skip":true},"6":{"name":"(anonymous_6)","line":123,"loc":{"start":{"line":123,"column":33},"end":{"line":123,"column":48}},"skip":true},"7":{"name":"(anonymous_7)","line":125,"loc":{"start":{"line":125,"column":27},"end":{"line":125,"column":39}},"skip":true},"8":{"name":"(anonymous_8)","line":133,"loc":{"start":{"line":133,"column":59},"end":{"line":133,"column":74}},"skip":true},"9":{"name":"(anonymous_9)","line":143,"loc":{"start":{"line":143,"column":45},"end":{"line":143,"column":62}},"skip":true},"10":{"name":"(anonymous_10)","line":144,"loc":{"start":{"line":144,"column":73},"end":{"line":144,"column":92}},"skip":true},"11":{"name":"(anonymous_11)","line":272,"loc":{"start":{"line":272,"column":51},"end":{"line":272,"column":77}},"skip":true},"12":{"name":"(anonymous_12)","line":315,"loc":{"start":{"line":315,"column":32},"end":{"line":315,"column":61}},"skip":true}},"statementMap":{"1":{"start":{"line":26,"column":0},"end":{"line":326,"column":5}},"2":{"start":{"line":28,"column":4},"end":{"line":28,"column":14}},"3":{"start":{"line":33,"column":4},"end":{"line":60,"column":9}},"4":{"start":{"line":35,"column":8},"end":{"line":35,"column":19}},"5":{"start":{"line":37,"column":8},"end":{"line":49,"column":13}},"6":{"start":{"line":38,"column":12},"end":{"line":48,"column":13}},"7":{"start":{"line":39,"column":16},"end":{"line":42,"column":30}},"8":{"start":{"line":44,"column":16},"end":{"line":47,"column":27}},"9":{"start":{"line":51,"column":8},"end":{"line":53,"column":21}},"10":{"start":{"line":55,"column":8},"end":{"line":57,"column":45}},"11":{"start":{"line":59,"column":8},"end":{"line":59,"column":35}},"12":{"start":{"line":61,"column":4},"end":{"line":325,"column":5}},"13":{"start":{"line":69,"column":8},"end":{"line":121,"column":10},"skip":true},"14":{"start":{"line":70,"column":12},"end":{"line":88,"column":13},"skip":true},"15":{"start":{"line":76,"column":16},"end":{"line":87,"column":19},"skip":true},"16":{"start":{"line":79,"column":20},"end":{"line":86,"column":21},"skip":true},"17":{"start":{"line":82,"column":24},"end":{"line":82,"column":43},"skip":true},"18":{"start":{"line":83,"column":24},"end":{"line":83,"column":30},"skip":true},"19":{"start":{"line":85,"column":24},"end":{"line":85,"column":49},"skip":true},"20":{"start":{"line":89,"column":12},"end":{"line":107,"column":13},"skip":true},"21":{"start":{"line":92,"column":16},"end":{"line":102,"column":17},"skip":true},"22":{"start":{"line":93,"column":20},"end":{"line":93,"column":86},"skip":true},"23":{"start":{"line":94,"column":20},"end":{"line":95,"column":45},"skip":true},"24":{"start":{"line":96,"column":20},"end":{"line":96,"column":42},"skip":true},"25":{"start":{"line":97,"column":20},"end":{"line":97,"column":48},"skip":true},"26":{"start":{"line":100,"column":20},"end":{"line":100,"column":85},"skip":true},"27":{"start":{"line":101,"column":20},"end":{"line":101,"column":96},"skip":true},"28":{"start":{"line":103,"column":16},"end":{"line":103,"column":22},"skip":true},"29":{"start":{"line":106,"column":16},"end":{"line":106,"column":22},"skip":true},"30":{"start":{"line":108,"column":12},"end":{"line":120,"column":13},"skip":true},"31":{"start":{"line":114,"column":16},"end":{"line":119,"column":17},"skip":true},"32":{"start":{"line":116,"column":20},"end":{"line":116,"column":78},"skip":true},"33":{"start":{"line":118,"column":20},"end":{"line":118,"column":47},"skip":true},"34":{"start":{"line":123,"column":8},"end":{"line":141,"column":11},"skip":true},"35":{"start":{"line":124,"column":12},"end":{"line":124,"column":54},"skip":true},"36":{"start":{"line":125,"column":12},"end":{"line":140,"column":14},"skip":true},"37":{"start":{"line":126,"column":16},"end":{"line":126,"column":28},"skip":true},"38":{"start":{"line":127,"column":16},"end":{"line":127,"column":69},"skip":true},"39":{"start":{"line":128,"column":16},"end":{"line":128,"column":75},"skip":true},"40":{"start":{"line":129,"column":16},"end":{"line":131,"column":17},"skip":true},"41":{"start":{"line":130,"column":20},"end":{"line":130,"column":27},"skip":true},"42":{"start":{"line":133,"column":16},"end":{"line":137,"column":36},"skip":true},"43":{"start":{"line":134,"column":20},"end":{"line":136,"column":55},"skip":true},"44":{"start":{"line":139,"column":16},"end":{"line":139,"column":57},"skip":true},"45":{"start":{"line":143,"column":8},"end":{"line":147,"column":11},"skip":true},"46":{"start":{"line":144,"column":12},"end":{"line":146,"column":15},"skip":true},"47":{"start":{"line":145,"column":16},"end":{"line":145,"column":70},"skip":true},"48":{"start":{"line":149,"column":8},"end":{"line":149,"column":31},"skip":true},"49":{"start":{"line":150,"column":8},"end":{"line":150,"column":14},"skip":true},"50":{"start":{"line":158,"column":8},"end":{"line":158,"column":31},"skip":true},"51":{"start":{"line":160,"column":8},"end":{"line":160,"column":33},"skip":true},"52":{"start":{"line":161,"column":8},"end":{"line":161,"column":37},"skip":true},"53":{"start":{"line":162,"column":8},"end":{"line":162,"column":35},"skip":true},"54":{"start":{"line":164,"column":8},"end":{"line":164,"column":50},"skip":true},"55":{"start":{"line":166,"column":8},"end":{"line":256,"column":2},"skip":true},"56":{"start":{"line":258,"column":8},"end":{"line":286,"column":9},"skip":true},"57":{"start":{"line":259,"column":12},"end":{"line":269,"column":14},"skip":true},"58":{"start":{"line":271,"column":12},"end":{"line":285,"column":19},"skip":true},"59":{"start":{"line":274,"column":20},"end":{"line":274,"column":35},"skip":true},"60":{"start":{"line":275,"column":20},"end":{"line":284,"column":21},"skip":true},"61":{"start":{"line":277,"column":24},"end":{"line":277,"column":64},"skip":true},"62":{"start":{"line":279,"column":24},"end":{"line":279,"column":40},"skip":true},"63":{"start":{"line":281,"column":24},"end":{"line":281,"column":40},"skip":true},"64":{"start":{"line":283,"column":24},"end":{"line":283,"column":39},"skip":true},"65":{"start":{"line":288,"column":8},"end":{"line":290,"column":9},"skip":true},"66":{"start":{"line":289,"column":12},"end":{"line":289,"column":18},"skip":true},"67":{"start":{"line":291,"column":8},"end":{"line":293,"column":54},"skip":true},"68":{"start":{"line":296,"column":8},"end":{"line":301,"column":37},"skip":true},"69":{"start":{"line":303,"column":8},"end":{"line":303,"column":82},"skip":true},"70":{"start":{"line":306,"column":8},"end":{"line":308,"column":9},"skip":true},"71":{"start":{"line":307,"column":12},"end":{"line":307,"column":82},"skip":true},"72":{"start":{"line":310,"column":8},"end":{"line":312,"column":9},"skip":true},"73":{"start":{"line":311,"column":12},"end":{"line":311,"column":18},"skip":true},"74":{"start":{"line":313,"column":8},"end":{"line":313,"column":54},"skip":true},"75":{"start":{"line":314,"column":8},"end":{"line":314,"column":69},"skip":true},"76":{"start":{"line":315,"column":8},"end":{"line":323,"column":36},"skip":true},"77":{"start":{"line":316,"column":12},"end":{"line":316,"column":61},"skip":true},"78":{"start":{"line":317,"column":12},"end":{"line":320,"column":13},"skip":true},"79":{"start":{"line":318,"column":16},"end":{"line":318,"column":75},"skip":true},"80":{"start":{"line":319,"column":16},"end":{"line":319,"column":23},"skip":true},"81":{"start":{"line":321,"column":12},"end":{"line":321,"column":38},"skip":true},"82":{"start":{"line":322,"column":12},"end":{"line":322,"column":27},"skip":true},"83":{"start":{"line":324,"column":8},"end":{"line":324,"column":14},"skip":true}},"branchMap":{"1":{"line":39,"type":"binary-expr","locations":[{"start":{"line":39,"column":23},"end":{"line":39,"column":62}},{"start":{"line":40,"column":20},"end":{"line":40,"column":70}},{"start":{"line":41,"column":20},"end":{"line":41,"column":71}},{"start":{"line":42,"column":20},"end":{"line":42,"column":29}}]},"2":{"line":44,"type":"binary-expr","locations":[{"start":{"line":44,"column":23},"end":{"line":44,"column":37}},{"start":{"line":45,"column":20},"end":{"line":45,"column":61}},{"start":{"line":46,"column":20},"end":{"line":46,"column":70}},{"start":{"line":47,"column":20},"end":{"line":47,"column":26}}]},"3":{"line":51,"type":"cond-expr","locations":[{"start":{"line":52,"column":14},"end":{"line":52,"column":20}},{"start":{"line":53,"column":14},"end":{"line":53,"column":20}}]},"4":{"line":55,"type":"binary-expr","locations":[{"start":{"line":55,"column":16},"end":{"line":55,"column":44}},{"start":{"line":55,"column":49},"end":{"line":57,"column":43}}]},"5":{"line":55,"type":"cond-expr","locations":[{"start":{"line":56,"column":14},"end":{"line":56,"column":50}},{"start":{"line":57,"column":14},"end":{"line":57,"column":43}}]},"6":{"line":61,"type":"switch","locations":[{"start":{"line":68,"column":4},"end":{"line":150,"column":14},"skip":true},{"start":{"line":156,"column":4},"end":{"line":324,"column":14},"skip":true}]},"7":{"line":70,"type":"if","locations":[{"start":{"line":70,"column":12},"end":{"line":70,"column":12},"skip":true},{"start":{"line":70,"column":12},"end":{"line":70,"column":12},"skip":true}]},"8":{"line":70,"type":"binary-expr","locations":[{"start":{"line":70,"column":16},"end":{"line":70,"column":22},"skip":true},{"start":{"line":70,"column":27},"end":{"line":70,"column":32},"skip":true},{"start":{"line":71,"column":20},"end":{"line":71,"column":39},"skip":true},{"start":{"line":72,"column":20},"end":{"line":72,"column":49},"skip":true},{"start":{"line":73,"column":20},"end":{"line":73,"column":58},"skip":true},{"start":{"line":74,"column":20},"end":{"line":74,"column":69},"skip":true}]},"9":{"line":79,"type":"switch","locations":[{"start":{"line":80,"column":20},"end":{"line":80,"column":33},"skip":true},{"start":{"line":81,"column":20},"end":{"line":83,"column":30},"skip":true},{"start":{"line":84,"column":20},"end":{"line":85,"column":49},"skip":true}]},"10":{"line":89,"type":"switch","locations":[{"start":{"line":90,"column":12},"end":{"line":103,"column":22},"skip":true},{"start":{"line":105,"column":12},"end":{"line":106,"column":22},"skip":true}]},"11":{"line":89,"type":"binary-expr","locations":[{"start":{"line":89,"column":20},"end":{"line":89,"column":25},"skip":true},{"start":{"line":89,"column":29},"end":{"line":89,"column":48},"skip":true},{"start":{"line":89,"column":52},"end":{"line":89,"column":74},"skip":true}]},"12":{"line":92,"type":"if","locations":[{"start":{"line":92,"column":16},"end":{"line":92,"column":16},"skip":true},{"start":{"line":92,"column":16},"end":{"line":92,"column":16},"skip":true}]},"13":{"line":108,"type":"if","locations":[{"start":{"line":108,"column":12},"end":{"line":108,"column":12},"skip":true},{"start":{"line":108,"column":12},"end":{"line":108,"column":12},"skip":true}]},"14":{"line":108,"type":"binary-expr","locations":[{"start":{"line":108,"column":16},"end":{"line":108,"column":61},"skip":true},{"start":{"line":108,"column":66},"end":{"line":108,"column":72},"skip":true},{"start":{"line":108,"column":77},"end":{"line":108,"column":82},"skip":true},{"start":{"line":109,"column":20},"end":{"line":109,"column":39},"skip":true},{"start":{"line":110,"column":20},"end":{"line":110,"column":49},"skip":true},{"start":{"line":111,"column":20},"end":{"line":111,"column":58},"skip":true},{"start":{"line":112,"column":20},"end":{"line":112,"column":68},"skip":true}]},"15":{"line":129,"type":"if","locations":[{"start":{"line":129,"column":16},"end":{"line":129,"column":16},"skip":true},{"start":{"line":129,"column":16},"end":{"line":129,"column":16},"skip":true}]},"16":{"line":134,"type":"cond-expr","locations":[{"start":{"line":135,"column":26},"end":{"line":135,"column":29},"skip":true},{"start":{"line":136,"column":26},"end":{"line":136,"column":54},"skip":true}]},"17":{"line":164,"type":"binary-expr","locations":[{"start":{"line":164,"column":27},"end":{"line":164,"column":43},"skip":true},{"start":{"line":164,"column":47},"end":{"line":164,"column":49},"skip":true}]},"18":{"line":258,"type":"if","locations":[{"start":{"line":258,"column":8},"end":{"line":258,"column":8},"skip":true},{"start":{"line":258,"column":8},"end":{"line":258,"column":8},"skip":true}]},"19":{"line":275,"type":"switch","locations":[{"start":{"line":276,"column":20},"end":{"line":277,"column":64},"skip":true},{"start":{"line":278,"column":20},"end":{"line":279,"column":40},"skip":true},{"start":{"line":280,"column":20},"end":{"line":281,"column":40},"skip":true},{"start":{"line":282,"column":20},"end":{"line":283,"column":39},"skip":true}]},"20":{"line":288,"type":"if","locations":[{"start":{"line":288,"column":8},"end":{"line":288,"column":8},"skip":true},{"start":{"line":288,"column":8},"end":{"line":288,"column":8},"skip":true}]},"21":{"line":288,"type":"binary-expr","locations":[{"start":{"line":288,"column":12},"end":{"line":288,"column":40},"skip":true},{"start":{"line":288,"column":44},"end":{"line":288,"column":67},"skip":true}]},"22":{"line":292,"type":"binary-expr","locations":[{"start":{"line":292,"column":12},"end":{"line":292,"column":50},"skip":true},{"start":{"line":293,"column":12},"end":{"line":293,"column":53},"skip":true}]},"23":{"line":297,"type":"binary-expr","locations":[{"start":{"line":297,"column":12},"end":{"line":297,"column":64},"skip":true},{"start":{"line":298,"column":12},"end":{"line":301,"column":36},"skip":true}]},"24":{"line":303,"type":"binary-expr","locations":[{"start":{"line":303,"column":43},"end":{"line":303,"column":75},"skip":true},{"start":{"line":303,"column":79},"end":{"line":303,"column":81},"skip":true}]},"25":{"line":306,"type":"if","locations":[{"start":{"line":306,"column":8},"end":{"line":306,"column":8},"skip":true},{"start":{"line":306,"column":8},"end":{"line":306,"column":8},"skip":true}]},"26":{"line":310,"type":"if","locations":[{"start":{"line":310,"column":8},"end":{"line":310,"column":8},"skip":true},{"start":{"line":310,"column":8},"end":{"line":310,"column":8},"skip":true}]},"27":{"line":313,"type":"binary-expr","locations":[{"start":{"line":313,"column":27},"end":{"line":313,"column":43},"skip":true},{"start":{"line":313,"column":47},"end":{"line":313,"column":53},"skip":true}]},"28":{"line":317,"type":"if","locations":[{"start":{"line":317,"column":12},"end":{"line":317,"column":12},"skip":true},{"start":{"line":317,"column":12},"end":{"line":317,"column":12},"skip":true}]}},"code":["/*","example.js","","quickstart example","","instruction","    1. save this script as example.js","    2. run the shell command:","        $ npm install npmtest-toastr && PORT=8081 node example.js","    3. play with the browser-demo on http://127.0.0.1:8081","*/","","","","/* istanbul instrument in package npmtest_toastr */","/*jslint","    bitwise: true,","    browser: true,","    maxerr: 8,","    maxlen: 96,","    node: true,","    nomen: true,","    regexp: true,","    stupid: true","*/","(function () {","    'use strict';","    var local;","","","","    // run shared js-env code - pre-init","    (function () {","        // init local","        local = {};","        // init modeJs","        local.modeJs = (function () {","            try {","                return typeof navigator.userAgent === 'string' &&","                    typeof document.querySelector('body') === 'object' &&","                    typeof XMLHttpRequest.prototype.open === 'function' &&","                    'browser';","            } catch (errorCaughtBrowser) {","                return module.exports &&","                    typeof process.versions.node === 'string' &&","                    typeof require('http').createServer === 'function' &&","                    'node';","            }","        }());","        // init global","        local.global = local.modeJs === 'browser'","            ? window","            : global;","        // init utility2_rollup","        local = local.global.utility2_rollup || (local.modeJs === 'browser'","            ? local.global.utility2_npmtest_toastr","            : global.utility2_moduleExports);","        // export local","        local.global.local = local;","    }());","    switch (local.modeJs) {","","","","    // post-init","    // run browser js-env code - post-init","    /* istanbul ignore next */","    case 'browser':","        local.testRunBrowser = function (event) {","            if (!event || (event &&","                    event.currentTarget &&","                    event.currentTarget.className &&","                    event.currentTarget.className.includes &&","                    event.currentTarget.className.includes('onreset'))) {","                // reset output","                Array.from(","                    document.querySelectorAll('body > .resettable')","                ).forEach(function (element) {","                    switch (element.tagName) {","                    case 'INPUT':","                    case 'TEXTAREA':","                        element.value = '';","                        break;","                    default:","                        element.textContent = '';","                    }","                });","            }","            switch (event && event.currentTarget && event.currentTarget.id) {","            case 'testRunButton1':","                // show tests","                if (document.querySelector('#testReportDiv1').style.display === 'none') {","                    document.querySelector('#testReportDiv1').style.display = 'block';","                    document.querySelector('#testRunButton1').textContent =","                        'hide internal test';","                    local.modeTest = true;","                    local.testRunDefault(local);","                // hide tests","                } else {","                    document.querySelector('#testReportDiv1').style.display = 'none';","                    document.querySelector('#testRunButton1').textContent = 'run internal test';","                }","                break;","            // custom-case","            default:","                break;","            }","            if (document.querySelector('#inputTextareaEval1') && (!event || (event &&","                    event.currentTarget &&","                    event.currentTarget.className &&","                    event.currentTarget.className.includes &&","                    event.currentTarget.className.includes('oneval')))) {","                // try to eval input-code","                try {","                    /*jslint evil: true*/","                    eval(document.querySelector('#inputTextareaEval1').value);","                } catch (errorCaught) {","                    console.error(errorCaught);","                }","            }","        };","        // log stderr and stdout to #outputTextareaStdout1","        ['error', 'log'].forEach(function (key) {","            console[key + '_original'] = console[key];","            console[key] = function () {","                var element;","                console[key + '_original'].apply(console, arguments);","                element = document.querySelector('#outputTextareaStdout1');","                if (!element) {","                    return;","                }","                // append text to #outputTextareaStdout1","                element.value += Array.from(arguments).map(function (arg) {","                    return typeof arg === 'string'","                        ? arg","                        : JSON.stringify(arg, null, 4);","                }).join(' ') + '\\n';","                // scroll textarea to bottom","                element.scrollTop = element.scrollHeight;","            };","        });","        // init event-handling","        ['change', 'click', 'keyup'].forEach(function (event) {","            Array.from(document.querySelectorAll('.on' + event)).forEach(function (element) {","                element.addEventListener(event, local.testRunBrowser);","            });","        });","        // run tests","        local.testRunBrowser();","        break;","","","","    // run node js-env code - post-init","    /* istanbul ignore next */","    case 'node':","        // export local","        module.exports = local;","        // require modules","        local.fs = require('fs');","        local.http = require('http');","        local.url = require('url');","        // init assets","        local.assetsDict = local.assetsDict || {};","        /* jslint-ignore-begin */","        local.assetsDict['/assets.index.template.html'] = '\\","<!doctype html>\\n\\","<html lang=\"en\">\\n\\","<head>\\n\\","<meta charset=\"UTF-8\">\\n\\","<meta name=\"viewport\" content=\"width=device-width, initial-scale=1\">\\n\\","<title>{{env.npm_package_name}} (v{{env.npm_package_version}})</title>\\n\\","<style>\\n\\","/*csslint\\n\\","    box-sizing: false,\\n\\","    universal-selector: false\\n\\","*/\\n\\","* {\\n\\","    box-sizing: border-box;\\n\\","}\\n\\","body {\\n\\","    background: #dde;\\n\\","    font-family: Arial, Helvetica, sans-serif;\\n\\","    margin: 2rem;\\n\\","}\\n\\","body > * {\\n\\","    margin-bottom: 1rem;\\n\\","}\\n\\",".utility2FooterDiv {\\n\\","    margin-top: 20px;\\n\\","    text-align: center;\\n\\","}\\n\\","</style>\\n\\","<style>\\n\\","/*csslint\\n\\","*/\\n\\","textarea {\\n\\","    font-family: monospace;\\n\\","    height: 10rem;\\n\\","    width: 100%;\\n\\","}\\n\\","textarea[readonly] {\\n\\","    background: #ddd;\\n\\","}\\n\\","</style>\\n\\","</head>\\n\\","<body>\\n\\","<!-- utility2-comment\\n\\","<div id=\"ajaxProgressDiv1\" style=\"background: #d00; height: 2px; left: 0; margin: 0; padding: 0; position: fixed; top: 0; transition: background 0.5s, width 1.5s; width: 25%;\"></div>\\n\\","utility2-comment -->\\n\\","<h1>\\n\\","<!-- utility2-comment\\n\\","    <a\\n\\","        {{#if env.npm_package_homepage}}\\n\\","        href=\"{{env.npm_package_homepage}}\"\\n\\","        {{/if env.npm_package_homepage}}\\n\\","        target=\"_blank\"\\n\\","    >\\n\\","utility2-comment -->\\n\\","        {{env.npm_package_name}} (v{{env.npm_package_version}})\\n\\","<!-- utility2-comment\\n\\","    </a>\\n\\","utility2-comment -->\\n\\","</h1>\\n\\","<h3>{{env.npm_package_description}}</h3>\\n\\","<!-- utility2-comment\\n\\","<h4><a download href=\"assets.app.js\">download standalone app</a></h4>\\n\\","<button class=\"onclick onreset\" id=\"testRunButton1\">run internal test</button><br>\\n\\","<div id=\"testReportDiv1\" style=\"display: none;\"></div>\\n\\","utility2-comment -->\\n\\","\\n\\","\\n\\","\\n\\","<label>stderr and stdout</label>\\n\\","<textarea class=\"resettable\" id=\"outputTextareaStdout1\" readonly></textarea>\\n\\","<!-- utility2-comment\\n\\","{{#if isRollup}}\\n\\","<script src=\"assets.app.js\"></script>\\n\\","{{#unless isRollup}}\\n\\","utility2-comment -->\\n\\","<script src=\"assets.utility2.rollup.js\"></script>\\n\\","<script src=\"jsonp.utility2._stateInit?callback=window.utility2._stateInit\"></script>\\n\\","<script src=\"assets.npmtest_toastr.rollup.js\"></script>\\n\\","<script src=\"assets.example.js\"></script>\\n\\","<script src=\"assets.test.js\"></script>\\n\\","<!-- utility2-comment\\n\\","{{/if isRollup}}\\n\\","utility2-comment -->\\n\\","<div class=\"utility2FooterDiv\">\\n\\","    [ this app was created with\\n\\","    <a href=\"https://github.com/kaizhu256/node-utility2\" target=\"_blank\">utility2</a>\\n\\","    ]\\n\\","</div>\\n\\","</body>\\n\\","</html>\\n\\","';","        /* jslint-ignore-end */","        if (local.templateRender) {","            local.assetsDict['/'] = local.templateRender(","                local.assetsDict['/assets.index.template.html'],","                {","                    env: local.objectSetDefault(local.env, {","                        npm_package_description: 'the greatest app in the world!',","                        npm_package_name: 'my-app',","                        npm_package_nameAlias: 'my_app',","                        npm_package_version: '0.0.1'","                    })","                }","            );","        } else {","            local.assetsDict['/'] = local.assetsDict['/assets.index.template.html']","                .replace((/\\{\\{env\\.(\\w+?)\\}\\}/g), function (match0, match1) {","                    // jslint-hack","                    String(match0);","                    switch (match1) {","                    case 'npm_package_description':","                        return 'the greatest app in the world!';","                    case 'npm_package_name':","                        return 'my-app';","                    case 'npm_package_nameAlias':","                        return 'my_app';","                    case 'npm_package_version':","                        return '0.0.1';","                    }","                });","        }","        // run the cli","        if (local.global.utility2_rollup || module !== require.main) {","            break;","        }","        local.assetsDict['/assets.example.js'] =","            local.assetsDict['/assets.example.js'] ||","            local.fs.readFileSync(__filename, 'utf8');","        // bug-workaround - long $npm_package_buildCustomOrg","        /* jslint-ignore-begin */","        local.assetsDict['/assets.npmtest_toastr.rollup.js'] =","            local.assetsDict['/assets.npmtest_toastr.rollup.js'] ||","            local.fs.readFileSync(","                local.npmtest_toastr.__dirname + '/lib.npmtest_toastr.js',","                'utf8'","            ).replace((/^#!/), '//');","        /* jslint-ignore-end */","        local.assetsDict['/favicon.ico'] = local.assetsDict['/favicon.ico'] || '';","        // if $npm_config_timeout_exit exists,","        // then exit this process after $npm_config_timeout_exit ms","        if (Number(process.env.npm_config_timeout_exit)) {","            setTimeout(process.exit, Number(process.env.npm_config_timeout_exit));","        }","        // start server","        if (local.global.utility2_serverHttp1) {","            break;","        }","        process.env.PORT = process.env.PORT || '8081';","        console.error('server starting on port ' + process.env.PORT);","        local.http.createServer(function (request, response) {","            request.urlParsed = local.url.parse(request.url);","            if (local.assetsDict[request.urlParsed.pathname] !== undefined) {","                response.end(local.assetsDict[request.urlParsed.pathname]);","                return;","            }","            response.statusCode = 404;","            response.end();","        }).listen(process.env.PORT);","        break;","    }","}());",""],"l":{"26":2,"28":2,"33":2,"35":2,"37":2,"38":2,"39":2,"44":1,"51":2,"55":2,"59":2,"61":2,"69":1,"70":2,"76":2,"79":2,"82":2,"83":2,"85":1,"89":2,"92":1,"93":1,"94":1,"96":1,"97":1,"100":1,"101":1,"103":1,"106":1,"108":2,"114":1,"116":1,"118":1,"123":1,"124":2,"125":2,"126":3,"127":3,"128":3,"129":3,"130":1,"133":3,"134":3,"139":3,"143":1,"144":3,"145":1,"149":1,"150":1,"158":1,"160":1,"161":1,"162":1,"164":1,"166":1,"258":1,"259":1,"271":1,"274":6,"275":6,"277":1,"279":2,"281":1,"283":2,"288":1,"289":1,"291":1,"296":1,"303":1,"306":1,"307":1,"310":1,"311":1,"313":1,"314":1,"315":1,"316":1,"317":1,"318":1,"319":1,"321":1,"322":1,"324":1}},"/home/travis/build/npmtest/node-npmtest-toastr/node_modules/toastr/toastr.js":{"path":"/home/travis/build/npmtest/node-npmtest-toastr/node_modules/toastr/toastr.js","s":{"1":2,"2":2,"3":0,"4":0,"5":0,"6":0,"7":0,"8":0,"9":0,"10":0,"11":1,"12":0,"13":1,"14":0,"15":0,"16":0,"17":0,"18":0,"19":0,"20":0,"21":0,"22":1,"23":0,"24":1,"25":0,"26":1,"27":0,"28":1,"29":0,"30":1,"31":0,"32":0,"33":0,"34":0,"35":0,"36":1,"37":0,"38":0,"39":0,"40":0,"41":0,"42":0,"43":0,"44":0,"45":1,"46":0,"47":0,"48":0,"49":1,"50":0,"51":0,"52":0,"53":0,"54":0,"55":0,"56":1,"57":0,"58":0,"59":0,"60":1,"61":0,"62":1,"63":0,"64":0,"65":0,"66":1,"67":0,"68":0,"69":0,"70":0,"71":0,"72":0,"73":0,"74":0,"75":0,"76":0,"77":0,"78":0,"79":0,"80":0,"81":0,"82":0,"83":0,"84":0,"85":0,"86":0,"87":0,"88":0,"89":0,"90":0,"91":1,"92":0,"93":0,"94":0,"95":1,"96":0,"97":0,"98":0,"99":0,"100":0,"101":0,"102":1,"103":0,"104":0,"105":0,"106":0,"107":0,"108":0,"109":0,"110":0,"111":0,"112":0,"113":0,"114":0,"115":0,"116":0,"117":1,"118":0,"119":0,"120":0,"121":0,"122":0,"123":0,"124":0,"125":0,"126":1,"127":0,"128":0,"129":1,"130":0,"131":0,"132":0,"133":1,"134":0,"135":0,"136":0,"137":1,"138":0,"139":0,"140":0,"141":1,"142":0,"143":0,"144":0,"145":1,"146":0,"147":0,"148":0,"149":1,"150":0,"151":0,"152":0,"153":0,"154":0,"155":1,"156":0,"157":0,"158":0,"159":0,"160":0,"161":0,"162":0,"163":0,"164":0,"165":0,"166":0,"167":0,"168":0,"169":1,"170":0,"171":0,"172":0,"173":0,"174":1,"175":0,"176":0,"177":0,"178":1,"179":0,"180":0,"181":1,"182":0,"183":1,"184":0,"185":0,"186":0,"187":0,"188":0,"189":0,"190":0,"191":0,"192":0,"193":2,"194":2,"195":0},"b":{"1":[0,0],"2":[0,0],"3":[0,0],"4":[0,0],"5":[0,0],"6":[0,0],"7":[0,0],"8":[0,0],"9":[0,0],"10":[0,0],"11":[0,0],"12":[0,0],"13":[0,0,0],"14":[0,0],"15":[0,0],"16":[0,0],"17":[0,0],"18":[0,0],"19":[0,0],"20":[0,0],"21":[0,0],"22":[0,0],"23":[0,0],"24":[0,0],"25":[0,0],"26":[0,0],"27":[0,0],"28":[0,0],"29":[0,0],"30":[0,0],"31":[0,0],"32":[0,0],"33":[0,0],"34":[0,0],"35":[0,0],"36":[0,0],"37":[0,0],"38":[0,0],"39":[0,0],"40":[0,0],"41":[0,0],"42":[0,0],"43":[0,0],"44":[0,0],"45":[0,0],"46":[0,0],"47":[0,0],"48":[0,0],"49":[0,0],"50":[0,0],"51":[0,0],"52":[0,0],"53":[0,0],"54":[0,0],"55":[0,0],"56":[0,0],"57":[0,2],"58":[2,0],"59":[2,0],"60":[2,2]},"f":{"1":2,"2":0,"3":0,"4":0,"5":0,"6":0,"7":0,"8":0,"9":0,"10":0,"11":0,"12":0,"13":0,"14":0,"15":0,"16":0,"17":0,"18":0,"19":0,"20":0,"21":0,"22":0,"23":0,"24":0,"25":0,"26":0,"27":0,"28":0,"29":0,"30":0,"31":0,"32":0,"33":0,"34":0,"35":0,"36":0,"37":0,"38":0,"39":2},"fnMap":{"1":{"name":"(anonymous_1)","line":14,"loc":{"start":{"line":14,"column":3},"end":{"line":14,"column":21}}},"2":{"name":"(anonymous_2)","line":15,"loc":{"start":{"line":15,"column":23},"end":{"line":15,"column":36}}},"3":{"name":"(anonymous_3)","line":16,"loc":{"start":{"line":16,"column":16},"end":{"line":16,"column":28}}},"4":{"name":"error","line":46,"loc":{"start":{"line":46,"column":12},"end":{"line":46,"column":60}}},"5":{"name":"getContainer","line":56,"loc":{"start":{"line":56,"column":12},"end":{"line":56,"column":51}}},"6":{"name":"info","line":68,"loc":{"start":{"line":68,"column":12},"end":{"line":68,"column":59}}},"7":{"name":"subscribe","line":78,"loc":{"start":{"line":78,"column":12},"end":{"line":78,"column":41}}},"8":{"name":"success","line":82,"loc":{"start":{"line":82,"column":12},"end":{"line":82,"column":62}}},"9":{"name":"warning","line":92,"loc":{"start":{"line":92,"column":12},"end":{"line":92,"column":62}}},"10":{"name":"clear","line":102,"loc":{"start":{"line":102,"column":12},"end":{"line":102,"column":56}}},"11":{"name":"remove","line":110,"loc":{"start":{"line":110,"column":12},"end":{"line":110,"column":43}}},"12":{"name":"clearContainer","line":124,"loc":{"start":{"line":124,"column":12},"end":{"line":124,"column":46}}},"13":{"name":"clearToast","line":131,"loc":{"start":{"line":131,"column":12},"end":{"line":131,"column":71}}},"14":{"name":"(anonymous_14)","line":137,"loc":{"start":{"line":137,"column":34},"end":{"line":137,"column":46}}},"15":{"name":"createContainer","line":144,"loc":{"start":{"line":144,"column":12},"end":{"line":144,"column":46}}},"16":{"name":"getDefaults","line":155,"loc":{"start":{"line":155,"column":12},"end":{"line":155,"column":35}}},"17":{"name":"publish","line":195,"loc":{"start":{"line":195,"column":12},"end":{"line":195,"column":35}}},"18":{"name":"notify","line":200,"loc":{"start":{"line":200,"column":12},"end":{"line":200,"column":33}}},"19":{"name":"escapeHtml","line":248,"loc":{"start":{"line":248,"column":16},"end":{"line":248,"column":44}}},"20":{"name":"personalizeToast","line":260,"loc":{"start":{"line":260,"column":16},"end":{"line":260,"column":44}}},"21":{"name":"handleEvents","line":269,"loc":{"start":{"line":269,"column":16},"end":{"line":269,"column":40}}},"22":{"name":"(anonymous_22)","line":276,"loc":{"start":{"line":276,"column":44},"end":{"line":276,"column":61}}},"23":{"name":"(anonymous_23)","line":287,"loc":{"start":{"line":287,"column":44},"end":{"line":287,"column":61}}},"24":{"name":"displayToast","line":294,"loc":{"start":{"line":294,"column":16},"end":{"line":294,"column":40}}},"25":{"name":"setIcon","line":311,"loc":{"start":{"line":311,"column":16},"end":{"line":311,"column":35}}},"26":{"name":"setSequence","line":317,"loc":{"start":{"line":317,"column":16},"end":{"line":317,"column":39}}},"27":{"name":"setTitle","line":325,"loc":{"start":{"line":325,"column":16},"end":{"line":325,"column":36}}},"28":{"name":"setMessage","line":332,"loc":{"start":{"line":332,"column":16},"end":{"line":332,"column":38}}},"29":{"name":"setCloseButton","line":339,"loc":{"start":{"line":339,"column":16},"end":{"line":339,"column":42}}},"30":{"name":"setProgressBar","line":346,"loc":{"start":{"line":346,"column":16},"end":{"line":346,"column":42}}},"31":{"name":"shouldExit","line":353,"loc":{"start":{"line":353,"column":16},"end":{"line":353,"column":50}}},"32":{"name":"hideToast","line":364,"loc":{"start":{"line":364,"column":16},"end":{"line":364,"column":45}}},"33":{"name":"(anonymous_33)","line":376,"loc":{"start":{"line":376,"column":34},"end":{"line":376,"column":46}}},"34":{"name":"delayedHideToast","line":388,"loc":{"start":{"line":388,"column":16},"end":{"line":388,"column":44}}},"35":{"name":"stickAround","line":396,"loc":{"start":{"line":396,"column":16},"end":{"line":396,"column":39}}},"36":{"name":"updateProgress","line":404,"loc":{"start":{"line":404,"column":16},"end":{"line":404,"column":42}}},"37":{"name":"getOptions","line":410,"loc":{"start":{"line":410,"column":12},"end":{"line":410,"column":34}}},"38":{"name":"removeToast","line":414,"loc":{"start":{"line":414,"column":12},"end":{"line":414,"column":48}}},"39":{"name":"(anonymous_39)","line":429,"loc":{"start":{"line":429,"column":56},"end":{"line":429,"column":81}}}},"statementMap":{"1":{"start":{"line":14,"column":2},"end":{"line":435,"column":4}},"2":{"start":{"line":15,"column":4},"end":{"line":428,"column":7}},"3":{"start":{"line":16,"column":8},"end":{"line":427,"column":13}},"4":{"start":{"line":17,"column":12},"end":{"line":17,"column":27}},"5":{"start":{"line":18,"column":12},"end":{"line":18,"column":25}},"6":{"start":{"line":19,"column":12},"end":{"line":19,"column":28}},"7":{"start":{"line":20,"column":12},"end":{"line":25,"column":14}},"8":{"start":{"line":27,"column":12},"end":{"line":38,"column":14}},"9":{"start":{"line":40,"column":12},"end":{"line":40,"column":30}},"10":{"start":{"line":42,"column":12},"end":{"line":42,"column":26}},"11":{"start":{"line":46,"column":12},"end":{"line":54,"column":13}},"12":{"start":{"line":47,"column":16},"end":{"line":53,"column":19}},"13":{"start":{"line":56,"column":12},"end":{"line":66,"column":13}},"14":{"start":{"line":57,"column":16},"end":{"line":57,"column":57}},"15":{"start":{"line":57,"column":32},"end":{"line":57,"column":55}},"16":{"start":{"line":58,"column":16},"end":{"line":58,"column":58}},"17":{"start":{"line":59,"column":16},"end":{"line":61,"column":17}},"18":{"start":{"line":60,"column":20},"end":{"line":60,"column":38}},"19":{"start":{"line":62,"column":16},"end":{"line":64,"column":17}},"20":{"start":{"line":63,"column":20},"end":{"line":63,"column":58}},"21":{"start":{"line":65,"column":16},"end":{"line":65,"column":34}},"22":{"start":{"line":68,"column":12},"end":{"line":76,"column":13}},"23":{"start":{"line":69,"column":16},"end":{"line":75,"column":19}},"24":{"start":{"line":78,"column":12},"end":{"line":80,"column":13}},"25":{"start":{"line":79,"column":16},"end":{"line":79,"column":36}},"26":{"start":{"line":82,"column":12},"end":{"line":90,"column":13}},"27":{"start":{"line":83,"column":16},"end":{"line":89,"column":19}},"28":{"start":{"line":92,"column":12},"end":{"line":100,"column":13}},"29":{"start":{"line":93,"column":16},"end":{"line":99,"column":19}},"30":{"start":{"line":102,"column":12},"end":{"line":108,"column":13}},"31":{"start":{"line":103,"column":16},"end":{"line":103,"column":43}},"32":{"start":{"line":104,"column":16},"end":{"line":104,"column":59}},"33":{"start":{"line":104,"column":35},"end":{"line":104,"column":57}},"34":{"start":{"line":105,"column":16},"end":{"line":107,"column":17}},"35":{"start":{"line":106,"column":20},"end":{"line":106,"column":44}},"36":{"start":{"line":110,"column":12},"end":{"line":120,"column":13}},"37":{"start":{"line":111,"column":16},"end":{"line":111,"column":43}},"38":{"start":{"line":112,"column":16},"end":{"line":112,"column":59}},"39":{"start":{"line":112,"column":35},"end":{"line":112,"column":57}},"40":{"start":{"line":113,"column":16},"end":{"line":116,"column":17}},"41":{"start":{"line":114,"column":20},"end":{"line":114,"column":47}},"42":{"start":{"line":115,"column":20},"end":{"line":115,"column":27}},"43":{"start":{"line":117,"column":16},"end":{"line":119,"column":17}},"44":{"start":{"line":118,"column":20},"end":{"line":118,"column":40}},"45":{"start":{"line":124,"column":12},"end":{"line":129,"column":13}},"46":{"start":{"line":125,"column":16},"end":{"line":125,"column":58}},"47":{"start":{"line":126,"column":16},"end":{"line":128,"column":17}},"48":{"start":{"line":127,"column":20},"end":{"line":127,"column":61}},"49":{"start":{"line":131,"column":12},"end":{"line":142,"column":13}},"50":{"start":{"line":132,"column":16},"end":{"line":132,"column":92}},"51":{"start":{"line":133,"column":16},"end":{"line":140,"column":17}},"52":{"start":{"line":134,"column":20},"end":{"line":138,"column":23}},"53":{"start":{"line":137,"column":48},"end":{"line":137,"column":75}},"54":{"start":{"line":139,"column":20},"end":{"line":139,"column":32}},"55":{"start":{"line":141,"column":16},"end":{"line":141,"column":29}},"56":{"start":{"line":144,"column":12},"end":{"line":153,"column":13}},"57":{"start":{"line":145,"column":16},"end":{"line":149,"column":43}},"58":{"start":{"line":151,"column":16},"end":{"line":151,"column":55}},"59":{"start":{"line":152,"column":16},"end":{"line":152,"column":34}},"60":{"start":{"line":155,"column":12},"end":{"line":193,"column":13}},"61":{"start":{"line":156,"column":16},"end":{"line":192,"column":18}},"62":{"start":{"line":195,"column":12},"end":{"line":198,"column":13}},"63":{"start":{"line":196,"column":16},"end":{"line":196,"column":42}},"64":{"start":{"line":196,"column":33},"end":{"line":196,"column":40}},"65":{"start":{"line":197,"column":16},"end":{"line":197,"column":31}},"66":{"start":{"line":200,"column":12},"end":{"line":408,"column":13}},"67":{"start":{"line":201,"column":16},"end":{"line":201,"column":43}},"68":{"start":{"line":202,"column":16},"end":{"line":202,"column":67}},"69":{"start":{"line":204,"column":16},"end":{"line":207,"column":17}},"70":{"start":{"line":205,"column":20},"end":{"line":205,"column":69}},"71":{"start":{"line":206,"column":20},"end":{"line":206,"column":75}},"72":{"start":{"line":209,"column":16},"end":{"line":209,"column":57}},"73":{"start":{"line":209,"column":48},"end":{"line":209,"column":55}},"74":{"start":{"line":211,"column":16},"end":{"line":211,"column":26}},"75":{"start":{"line":213,"column":16},"end":{"line":213,"column":57}},"76":{"start":{"line":215,"column":16},"end":{"line":215,"column":38}},"77":{"start":{"line":216,"column":16},"end":{"line":216,"column":48}},"78":{"start":{"line":217,"column":16},"end":{"line":217,"column":48}},"79":{"start":{"line":218,"column":16},"end":{"line":218,"column":50}},"80":{"start":{"line":219,"column":16},"end":{"line":219,"column":51}},"81":{"start":{"line":220,"column":16},"end":{"line":220,"column":57}},"82":{"start":{"line":221,"column":16},"end":{"line":225,"column":18}},"83":{"start":{"line":226,"column":16},"end":{"line":232,"column":18}},"84":{"start":{"line":234,"column":16},"end":{"line":234,"column":35}},"85":{"start":{"line":236,"column":16},"end":{"line":236,"column":31}},"86":{"start":{"line":238,"column":16},"end":{"line":238,"column":31}},"87":{"start":{"line":240,"column":16},"end":{"line":240,"column":34}},"88":{"start":{"line":242,"column":16},"end":{"line":244,"column":17}},"89":{"start":{"line":243,"column":20},"end":{"line":243,"column":42}},"90":{"start":{"line":246,"column":16},"end":{"line":246,"column":37}},"91":{"start":{"line":248,"column":16},"end":{"line":258,"column":17}},"92":{"start":{"line":249,"column":20},"end":{"line":250,"column":36}},"93":{"start":{"line":250,"column":24},"end":{"line":250,"column":36}},"94":{"start":{"line":252,"column":20},"end":{"line":257,"column":47}},"95":{"start":{"line":260,"column":16},"end":{"line":267,"column":17}},"96":{"start":{"line":261,"column":20},"end":{"line":261,"column":30}},"97":{"start":{"line":262,"column":20},"end":{"line":262,"column":31}},"98":{"start":{"line":263,"column":20},"end":{"line":263,"column":33}},"99":{"start":{"line":264,"column":20},"end":{"line":264,"column":37}},"100":{"start":{"line":265,"column":20},"end":{"line":265,"column":37}},"101":{"start":{"line":266,"column":20},"end":{"line":266,"column":34}},"102":{"start":{"line":269,"column":16},"end":{"line":292,"column":17}},"103":{"start":{"line":270,"column":20},"end":{"line":270,"column":71}},"104":{"start":{"line":271,"column":20},"end":{"line":273,"column":21}},"105":{"start":{"line":272,"column":24},"end":{"line":272,"column":55}},"106":{"start":{"line":275,"column":20},"end":{"line":284,"column":21}},"107":{"start":{"line":276,"column":24},"end":{"line":283,"column":27}},"108":{"start":{"line":277,"column":28},"end":{"line":281,"column":29}},"109":{"start":{"line":278,"column":32},"end":{"line":278,"column":56}},"110":{"start":{"line":279,"column":35},"end":{"line":281,"column":29}},"111":{"start":{"line":280,"column":32},"end":{"line":280,"column":58}},"112":{"start":{"line":282,"column":28},"end":{"line":282,"column":44}},"113":{"start":{"line":286,"column":20},"end":{"line":291,"column":21}},"114":{"start":{"line":287,"column":24},"end":{"line":290,"column":27}},"115":{"start":{"line":288,"column":28},"end":{"line":288,"column":51}},"116":{"start":{"line":289,"column":28},"end":{"line":289,"column":40}},"117":{"start":{"line":294,"column":16},"end":{"line":309,"column":17}},"118":{"start":{"line":295,"column":20},"end":{"line":295,"column":41}},"119":{"start":{"line":297,"column":20},"end":{"line":299,"column":22}},"120":{"start":{"line":301,"column":20},"end":{"line":308,"column":21}},"121":{"start":{"line":302,"column":24},"end":{"line":302,"column":76}},"122":{"start":{"line":303,"column":24},"end":{"line":303,"column":78}},"123":{"start":{"line":304,"column":24},"end":{"line":304,"column":93}},"124":{"start":{"line":305,"column":24},"end":{"line":307,"column":25}},"125":{"start":{"line":306,"column":28},"end":{"line":306,"column":85}},"126":{"start":{"line":311,"column":16},"end":{"line":315,"column":17}},"127":{"start":{"line":312,"column":20},"end":{"line":314,"column":21}},"128":{"start":{"line":313,"column":24},"end":{"line":313,"column":87}},"129":{"start":{"line":317,"column":16},"end":{"line":323,"column":17}},"130":{"start":{"line":318,"column":20},"end":{"line":322,"column":21}},"131":{"start":{"line":319,"column":24},"end":{"line":319,"column":58}},"132":{"start":{"line":321,"column":24},"end":{"line":321,"column":57}},"133":{"start":{"line":325,"column":16},"end":{"line":330,"column":17}},"134":{"start":{"line":326,"column":20},"end":{"line":329,"column":21}},"135":{"start":{"line":327,"column":24},"end":{"line":327,"column":131}},"136":{"start":{"line":328,"column":24},"end":{"line":328,"column":60}},"137":{"start":{"line":332,"column":16},"end":{"line":337,"column":17}},"138":{"start":{"line":333,"column":20},"end":{"line":336,"column":21}},"139":{"start":{"line":334,"column":24},"end":{"line":334,"column":139}},"140":{"start":{"line":335,"column":24},"end":{"line":335,"column":62}},"141":{"start":{"line":339,"column":16},"end":{"line":344,"column":17}},"142":{"start":{"line":340,"column":20},"end":{"line":343,"column":21}},"143":{"start":{"line":341,"column":24},"end":{"line":341,"column":92}},"144":{"start":{"line":342,"column":24},"end":{"line":342,"column":61}},"145":{"start":{"line":346,"column":16},"end":{"line":351,"column":17}},"146":{"start":{"line":347,"column":20},"end":{"line":350,"column":21}},"147":{"start":{"line":348,"column":24},"end":{"line":348,"column":68}},"148":{"start":{"line":349,"column":24},"end":{"line":349,"column":64}},"149":{"start":{"line":353,"column":16},"end":{"line":362,"column":17}},"150":{"start":{"line":354,"column":20},"end":{"line":360,"column":21}},"151":{"start":{"line":355,"column":24},"end":{"line":359,"column":25}},"152":{"start":{"line":356,"column":28},"end":{"line":356,"column":40}},"153":{"start":{"line":358,"column":28},"end":{"line":358,"column":56}},"154":{"start":{"line":361,"column":20},"end":{"line":361,"column":33}},"155":{"start":{"line":364,"column":16},"end":{"line":386,"column":17}},"156":{"start":{"line":365,"column":20},"end":{"line":365,"column":118}},"157":{"start":{"line":366,"column":20},"end":{"line":367,"column":69}},"158":{"start":{"line":368,"column":20},"end":{"line":368,"column":118}},"159":{"start":{"line":369,"column":20},"end":{"line":371,"column":21}},"160":{"start":{"line":370,"column":24},"end":{"line":370,"column":31}},"161":{"start":{"line":372,"column":20},"end":{"line":372,"column":57}},"162":{"start":{"line":373,"column":20},"end":{"line":385,"column":23}},"163":{"start":{"line":377,"column":28},"end":{"line":377,"column":55}},"164":{"start":{"line":378,"column":28},"end":{"line":380,"column":29}},"165":{"start":{"line":379,"column":32},"end":{"line":379,"column":51}},"166":{"start":{"line":381,"column":28},"end":{"line":381,"column":54}},"167":{"start":{"line":382,"column":28},"end":{"line":382,"column":58}},"168":{"start":{"line":383,"column":28},"end":{"line":383,"column":46}},"169":{"start":{"line":388,"column":16},"end":{"line":394,"column":17}},"170":{"start":{"line":389,"column":20},"end":{"line":393,"column":21}},"171":{"start":{"line":390,"column":24},"end":{"line":390,"column":84}},"172":{"start":{"line":391,"column":24},"end":{"line":391,"column":86}},"173":{"start":{"line":392,"column":24},"end":{"line":392,"column":93}},"174":{"start":{"line":396,"column":16},"end":{"line":402,"column":17}},"175":{"start":{"line":397,"column":20},"end":{"line":397,"column":45}},"176":{"start":{"line":398,"column":20},"end":{"line":398,"column":44}},"177":{"start":{"line":399,"column":20},"end":{"line":401,"column":22}},"178":{"start":{"line":404,"column":16},"end":{"line":407,"column":17}},"179":{"start":{"line":405,"column":20},"end":{"line":405,"column":118}},"180":{"start":{"line":406,"column":20},"end":{"line":406,"column":61}},"181":{"start":{"line":410,"column":12},"end":{"line":412,"column":13}},"182":{"start":{"line":411,"column":16},"end":{"line":411,"column":67}},"183":{"start":{"line":414,"column":12},"end":{"line":425,"column":13}},"184":{"start":{"line":415,"column":16},"end":{"line":415,"column":65}},"185":{"start":{"line":415,"column":35},"end":{"line":415,"column":63}},"186":{"start":{"line":416,"column":16},"end":{"line":418,"column":17}},"187":{"start":{"line":417,"column":20},"end":{"line":417,"column":27}},"188":{"start":{"line":419,"column":16},"end":{"line":419,"column":39}},"189":{"start":{"line":420,"column":16},"end":{"line":420,"column":37}},"190":{"start":{"line":421,"column":16},"end":{"line":424,"column":17}},"191":{"start":{"line":422,"column":20},"end":{"line":422,"column":40}},"192":{"start":{"line":423,"column":20},"end":{"line":423,"column":46}},"193":{"start":{"line":430,"column":4},"end":{"line":434,"column":5}},"194":{"start":{"line":431,"column":8},"end":{"line":431,"column":52}},"195":{"start":{"line":433,"column":8},"end":{"line":433,"column":47}}},"branchMap":{"1":{"line":57,"type":"if","locations":[{"start":{"line":57,"column":16},"end":{"line":57,"column":16}},{"start":{"line":57,"column":16},"end":{"line":57,"column":16}}]},"2":{"line":59,"type":"if","locations":[{"start":{"line":59,"column":16},"end":{"line":59,"column":16}},{"start":{"line":59,"column":16},"end":{"line":59,"column":16}}]},"3":{"line":62,"type":"if","locations":[{"start":{"line":62,"column":16},"end":{"line":62,"column":16}},{"start":{"line":62,"column":16},"end":{"line":62,"column":16}}]},"4":{"line":104,"type":"if","locations":[{"start":{"line":104,"column":16},"end":{"line":104,"column":16}},{"start":{"line":104,"column":16},"end":{"line":104,"column":16}}]},"5":{"line":105,"type":"if","locations":[{"start":{"line":105,"column":16},"end":{"line":105,"column":16}},{"start":{"line":105,"column":16},"end":{"line":105,"column":16}}]},"6":{"line":112,"type":"if","locations":[{"start":{"line":112,"column":16},"end":{"line":112,"column":16}},{"start":{"line":112,"column":16},"end":{"line":112,"column":16}}]},"7":{"line":113,"type":"if","locations":[{"start":{"line":113,"column":16},"end":{"line":113,"column":16}},{"start":{"line":113,"column":16},"end":{"line":113,"column":16}}]},"8":{"line":113,"type":"binary-expr","locations":[{"start":{"line":113,"column":20},"end":{"line":113,"column":33}},{"start":{"line":113,"column":37},"end":{"line":113,"column":76}}]},"9":{"line":117,"type":"if","locations":[{"start":{"line":117,"column":16},"end":{"line":117,"column":16}},{"start":{"line":117,"column":16},"end":{"line":117,"column":16}}]},"10":{"line":132,"type":"cond-expr","locations":[{"start":{"line":132,"column":65},"end":{"line":132,"column":83}},{"start":{"line":132,"column":86},"end":{"line":132,"column":91}}]},"11":{"line":132,"type":"binary-expr","locations":[{"start":{"line":132,"column":28},"end":{"line":132,"column":40}},{"start":{"line":132,"column":44},"end":{"line":132,"column":62}}]},"12":{"line":133,"type":"if","locations":[{"start":{"line":133,"column":16},"end":{"line":133,"column":16}},{"start":{"line":133,"column":16},"end":{"line":133,"column":16}}]},"13":{"line":133,"type":"binary-expr","locations":[{"start":{"line":133,"column":20},"end":{"line":133,"column":33}},{"start":{"line":133,"column":38},"end":{"line":133,"column":43}},{"start":{"line":133,"column":47},"end":{"line":133,"column":86}}]},"14":{"line":196,"type":"if","locations":[{"start":{"line":196,"column":16},"end":{"line":196,"column":16}},{"start":{"line":196,"column":16},"end":{"line":196,"column":16}}]},"15":{"line":202,"type":"binary-expr","locations":[{"start":{"line":202,"column":32},"end":{"line":202,"column":45}},{"start":{"line":202,"column":49},"end":{"line":202,"column":66}}]},"16":{"line":204,"type":"if","locations":[{"start":{"line":204,"column":16},"end":{"line":204,"column":16}},{"start":{"line":204,"column":16},"end":{"line":204,"column":16}}]},"17":{"line":206,"type":"binary-expr","locations":[{"start":{"line":206,"column":32},"end":{"line":206,"column":61}},{"start":{"line":206,"column":65},"end":{"line":206,"column":74}}]},"18":{"line":209,"type":"if","locations":[{"start":{"line":209,"column":16},"end":{"line":209,"column":16}},{"start":{"line":209,"column":16},"end":{"line":209,"column":16}}]},"19":{"line":242,"type":"if","locations":[{"start":{"line":242,"column":16},"end":{"line":242,"column":16}},{"start":{"line":242,"column":16},"end":{"line":242,"column":16}}]},"20":{"line":242,"type":"binary-expr","locations":[{"start":{"line":242,"column":20},"end":{"line":242,"column":33}},{"start":{"line":242,"column":37},"end":{"line":242,"column":44}}]},"21":{"line":249,"type":"if","locations":[{"start":{"line":249,"column":20},"end":{"line":249,"column":20}},{"start":{"line":249,"column":20},"end":{"line":249,"column":20}}]},"22":{"line":271,"type":"if","locations":[{"start":{"line":271,"column":20},"end":{"line":271,"column":20}},{"start":{"line":271,"column":20},"end":{"line":271,"column":20}}]},"23":{"line":271,"type":"binary-expr","locations":[{"start":{"line":271,"column":24},"end":{"line":271,"column":40}},{"start":{"line":271,"column":44},"end":{"line":271,"column":64}}]},"24":{"line":275,"type":"if","locations":[{"start":{"line":275,"column":20},"end":{"line":275,"column":20}},{"start":{"line":275,"column":20},"end":{"line":275,"column":20}}]},"25":{"line":275,"type":"binary-expr","locations":[{"start":{"line":275,"column":24},"end":{"line":275,"column":43}},{"start":{"line":275,"column":47},"end":{"line":275,"column":60}}]},"26":{"line":277,"type":"if","locations":[{"start":{"line":277,"column":28},"end":{"line":277,"column":28}},{"start":{"line":277,"column":28},"end":{"line":277,"column":28}}]},"27":{"line":279,"type":"if","locations":[{"start":{"line":279,"column":35},"end":{"line":279,"column":35}},{"start":{"line":279,"column":35},"end":{"line":279,"column":35}}]},"28":{"line":279,"type":"binary-expr","locations":[{"start":{"line":279,"column":39},"end":{"line":279,"column":71}},{"start":{"line":279,"column":75},"end":{"line":279,"column":102}}]},"29":{"line":286,"type":"if","locations":[{"start":{"line":286,"column":20},"end":{"line":286,"column":20}},{"start":{"line":286,"column":20},"end":{"line":286,"column":20}}]},"30":{"line":301,"type":"if","locations":[{"start":{"line":301,"column":20},"end":{"line":301,"column":20}},{"start":{"line":301,"column":20},"end":{"line":301,"column":20}}]},"31":{"line":305,"type":"if","locations":[{"start":{"line":305,"column":24},"end":{"line":305,"column":24}},{"start":{"line":305,"column":24},"end":{"line":305,"column":24}}]},"32":{"line":312,"type":"if","locations":[{"start":{"line":312,"column":20},"end":{"line":312,"column":20}},{"start":{"line":312,"column":20},"end":{"line":312,"column":20}}]},"33":{"line":318,"type":"if","locations":[{"start":{"line":318,"column":20},"end":{"line":318,"column":20}},{"start":{"line":318,"column":20},"end":{"line":318,"column":20}}]},"34":{"line":326,"type":"if","locations":[{"start":{"line":326,"column":20},"end":{"line":326,"column":20}},{"start":{"line":326,"column":20},"end":{"line":326,"column":20}}]},"35":{"line":327,"type":"cond-expr","locations":[{"start":{"line":327,"column":67},"end":{"line":327,"column":76}},{"start":{"line":327,"column":79},"end":{"line":327,"column":100}}]},"36":{"line":333,"type":"if","locations":[{"start":{"line":333,"column":20},"end":{"line":333,"column":20}},{"start":{"line":333,"column":20},"end":{"line":333,"column":20}}]},"37":{"line":334,"type":"cond-expr","locations":[{"start":{"line":334,"column":69},"end":{"line":334,"column":80}},{"start":{"line":334,"column":83},"end":{"line":334,"column":106}}]},"38":{"line":340,"type":"if","locations":[{"start":{"line":340,"column":20},"end":{"line":340,"column":20}},{"start":{"line":340,"column":20},"end":{"line":340,"column":20}}]},"39":{"line":347,"type":"if","locations":[{"start":{"line":347,"column":20},"end":{"line":347,"column":20}},{"start":{"line":347,"column":20},"end":{"line":347,"column":20}}]},"40":{"line":354,"type":"if","locations":[{"start":{"line":354,"column":20},"end":{"line":354,"column":20}},{"start":{"line":354,"column":20},"end":{"line":354,"column":20}}]},"41":{"line":355,"type":"if","locations":[{"start":{"line":355,"column":24},"end":{"line":355,"column":24}},{"start":{"line":355,"column":24},"end":{"line":355,"column":24}}]},"42":{"line":365,"type":"cond-expr","locations":[{"start":{"line":365,"column":77},"end":{"line":365,"column":96}},{"start":{"line":365,"column":99},"end":{"line":365,"column":117}}]},"43":{"line":365,"type":"binary-expr","locations":[{"start":{"line":365,"column":33},"end":{"line":365,"column":41}},{"start":{"line":365,"column":45},"end":{"line":365,"column":74}}]},"44":{"line":366,"type":"cond-expr","locations":[{"start":{"line":367,"column":24},"end":{"line":367,"column":45}},{"start":{"line":367,"column":48},"end":{"line":367,"column":68}}]},"45":{"line":366,"type":"binary-expr","locations":[{"start":{"line":366,"column":35},"end":{"line":366,"column":43}},{"start":{"line":366,"column":47},"end":{"line":366,"column":78}}]},"46":{"line":368,"type":"cond-expr","locations":[{"start":{"line":368,"column":77},"end":{"line":368,"column":96}},{"start":{"line":368,"column":99},"end":{"line":368,"column":117}}]},"47":{"line":368,"type":"binary-expr","locations":[{"start":{"line":368,"column":33},"end":{"line":368,"column":41}},{"start":{"line":368,"column":45},"end":{"line":368,"column":74}}]},"48":{"line":369,"type":"if","locations":[{"start":{"line":369,"column":20},"end":{"line":369,"column":20}},{"start":{"line":369,"column":20},"end":{"line":369,"column":20}}]},"49":{"line":369,"type":"binary-expr","locations":[{"start":{"line":369,"column":24},"end":{"line":369,"column":57}},{"start":{"line":369,"column":61},"end":{"line":369,"column":70}}]},"50":{"line":378,"type":"if","locations":[{"start":{"line":378,"column":28},"end":{"line":378,"column":28}},{"start":{"line":378,"column":28},"end":{"line":378,"column":28}}]},"51":{"line":378,"type":"binary-expr","locations":[{"start":{"line":378,"column":32},"end":{"line":378,"column":48}},{"start":{"line":378,"column":52},"end":{"line":378,"column":79}}]},"52":{"line":389,"type":"if","locations":[{"start":{"line":389,"column
[...]
min';","            }","        }))","        .pipe(gulp.dest(paths.build));","});","","/**"," * Minify and bundle the CSS"," * @return {Stream}"," */","gulp.task('css', function() {","    log('Bundling, minifying, and copying the app\\'s CSS');","","    return gulp.src(paths.less)","        .pipe(plug.less())","//        .pipe(plug.autoprefixer('last 2 version', '> 5%'))","        .pipe(gulp.dest(paths.build))","        .pipe(plug.bytediff.start())","        .pipe(plug.minifyCss({}))","        .pipe(plug.bytediff.stop(bytediffFormatter))","        .pipe(plug.rename('toastr.min.css'))","        .pipe(gulp.dest(paths.build));","});","","/**"," * Build js and css"," */","gulp.task('default', ['js', 'css'], function() {","    log('Analyze, Build CSS and JS');","});","","/**"," * Remove all files from the build folder"," * One way to run clean before all tasks is to run"," * from the cmd line: gulp clean && gulp build"," * @return {Stream}"," */","gulp.task('clean', function(cb) {","    log('Cleaning: ' + plug.util.colors.blue(paths.report));","    log('Cleaning: ' + plug.util.colors.blue(paths.build));","","    var delPaths = [paths.build, paths.report];","    del(delPaths, cb);","});","","/**"," * Run specs once and exit"," * To start servers and run midway specs as well:"," *    gulp test --startServers"," * @return {Stream}"," */","gulp.task('test', function(done) {","    startTests(true /*singleRun*/ , done);","});","","////////////////","","/**"," * Execute JSHint on given source files"," * @param  {Array} sources"," * @param  {String} overrideRcFile"," * @return {Stream}"," */","function analyzejshint(sources, overrideRcFile) {","    var jshintrcFile = overrideRcFile || './.jshintrc';","    log('Running JSHint');","    return gulp","        .src(sources)","        .pipe(plug.jshint(jshintrcFile))","        .pipe(plug.jshint.reporter('jshint-stylish'));","}","","/**"," * Execute JSCS on given source files"," * @param  {Array} sources"," * @return {Stream}"," */","function analyzejscs(sources) {","    log('Running JSCS');","    return gulp","        .src(sources)","        .pipe(plug.jscs('./.jscsrc'));","}","","/**"," * Start Plato inspector and visualizer"," */","function startPlatoVisualizer() {","    log('Running Plato');","","    var files = glob.sync('toastr.js');","","    var options = {","        title: 'Plato Inspections Report'","    };","    var outputDir = './report/plato';","","    plato.inspect(files, outputDir, options, platoCompleted);","","    function platoCompleted(report) {","        var overview = plato.getOverviewReport(report);","        log(overview.summary);","    }","}","","/**"," * Start the tests using karma."," * @param  {boolean} singleRun - True means run once and end (CI), or keep running (dev)"," * @param  {Function} done - Callback to fire when karma is done"," * @return {undefined}"," */","function startTests(singleRun, done) {","    karma.start({","        configFile: __dirname + '/karma.conf.js',","        singleRun: !!singleRun","    }, karmaCompleted);","","    ////////////////","","    function karmaCompleted() {","        done();","    }","}","","/**"," * Formatter for bytediff to display the size changes after processing"," * @param  {Object} data - byte data"," * @return {String}      Difference in bytes, formatted"," */","function bytediffFormatter(data) {","    var difference = (data.savings > 0) ? ' smaller.' : ' larger.';","    return data.fileName + ' went from ' +","        (data.startSize / 1000).toFixed(2) + ' kB to ' + (data.endSize / 1000).toFixed(2) + ' kB' +","        ' and is ' + formatPercent(1 - data.percent, 2) + '%' + difference;","}","","/**"," * Format a number as a percentage"," * @param  {Number} num       Number to format as a percent"," * @param  {Number} precision Precision of the decimal"," * @return {Number}           Formatted perentage"," */","function formatPercent(num, precision) {","    return (num * 100).toFixed(precision);","}",""],"l":{"2":2,"3":0,"4":0,"5":0,"6":0,"7":0,"8":0,"10":0,"17":0,"18":0,"23":0,"29":0,"30":0,"32":0,"33":0,"35":0,"37":0,"44":0,"45":0,"47":0,"55":0,"56":0,"66":0,"67":0,"69":0,"83":0,"84":0,"93":0,"94":0,"95":0,"97":0,"98":0,"107":0,"108":0,"119":1,"120":0,"121":0,"122":0,"133":1,"134":0,"135":0,"143":1,"144":0,"146":0,"148":0,"151":0,"153":0,"155":1,"156":0,"157":0,"167":1,"168":0,"175":1,"176":0,"185":1,"186":0,"187":0,"198":1,"199":0}},"/home/travis/build/npmtest/node-npmtest-toastr/node_modules/toastr/karma.conf.js":{"path":"/home/travis/build/npmtest/node-npmtest-toastr/node_modules/toastr/karma.conf.js","s":{"1":1,"2":0},"b":{},"f":{"1":0},"fnMap":{"1":{"name":"(anonymous_1)","line":4,"loc":{"start":{"line":4,"column":17},"end":{"line":4,"column":34}}}},"statementMap":{"1":{"start":{"line":4,"column":0},"end":{"line":79,"column":2}},"2":{"start":{"line":5,"column":2},"end":{"line":78,"column":5}}},"branchMap":{},"code":["// Karma configuration","// Generated on Thu Sep 04 2014 07:41:43 GMT-0400 (EDT)","","module.exports = function(config) {","  config.set({","","    // base path that will be used to resolve all patterns (eg. files, exclude)","    basePath: '',","","","    // frameworks to use","    // available frameworks: https://npmjs.org/browse/keyword/karma-adapter","    frameworks: ['qunit'],","","//    plugins: ['karma-qunit', 'karma-coverage', 'phantomjs', 'karma-phantomjs-launcher'],","","","    // list of files / patterns to load in the browser","    files: [","//      'http://code.jquery.com/jquery.js',","      'node_modules/jquery/dist/jquery.min.js',","      'build/toastr.css',","      'toastr.js',","      'node_modules/qunitjs/qunit/qunit.js',","      'tests/unit/qunit-helper.js',","      //'tests/unit/x.js'","      'tests/unit/toastr-tests.js'","    ],","","","    // list of files to exclude","    exclude: [","    ],","","","    // preprocess matching files before serving them to the browser","    // available preprocessors: https://npmjs.org/browse/keyword/karma-preprocessor","    preprocessors: {","        'toastr.js': 'coverage'","    },","","","    // test results reporter to use","    // possible values: 'dots', 'progress'","    // available reporters: https://npmjs.org/browse/keyword/karma-reporter","    reporters: ['progress', 'coverage'],","","    coverageReporter: {","        type: 'lcov',","        dir: 'tests/coverage'","    },","","    // web server port","    port: 9876,","","","    // enable / disable colors in the output (reporters and logs)","    colors: true,","","","    // level of logging","    // possible values: config.LOG_DISABLE || config.LOG_ERROR || config.LOG_WARN || config.LOG_INFO || config.LOG_DEBUG","    logLevel: config.LOG_INFO,","","","    // enable / disable watching file and executing tests whenever any file changes","    autoWatch: false,","","","    // start these browsers","    // available browser launchers: https://npmjs.org/browse/keyword/karma-launcher","    browsers: ['PhantomJS'],","","","    // Continuous Integration mode","    // if true, Karma captures browsers, runs the tests and exits","    singleRun: true","  });","};",""],"l":{"4":1,"5":0}},"/home/travis/build/npmtest/node-npmtest-toastr/node_modules/toastr/package/gulpfile.js":{"path":"/home/travis/build/npmtest/node-npmtest-toastr/node_modules/toastr/package/gulpfile.js","s":{"1":2,"2":0,"3":0,"4":0,"5":0,"6":0,"7":0,"8":0,"9":0,"10":0,"11":0,"12":0,"13":0,"14":0,"15":0,"16":0,"17":0,"18":0,"19":0,"20":0,"21":0,"22":0,"23":0,"24":0,"25":0,"26":0,"27":0,"28":0,"29":0,"30":0,"31":0,"32":0,"33":0,"34":0,"35":1,"36":0,"37":0,"38":0,"39":1,"40":0,"41":0,"42":1,"43":0,"44":0,"45":0,"46":0,"47":0,"48":1,"49":0,"50":0,"51":1,"52":0,"53":1,"54":0,"55":1,"56":0,"57":0,"58":1,"59":0},"b":{"1":[0,0],"2":[0,0],"3":[0,0]},"f":{"1":0,"2":0,"3":0,"4":0,"5":0,"6":0,"7":0,"8":0,"9":0,"10":0,"11":0,"12":0,"13":0,"14":0,"15":0},"fnMap":{"1":{"name":"(anonymous_1)","line":29,"loc":{"start":{"line":29,"column":21},"end":{"line":29,"column":32}}},"2":{"name":"(anonymous_2)","line":44,"loc":{"start":{"line":44,"column":16},"end":{"line":44,"column":27}}},"3":{"name":"(anonymous_3)","line":54,"loc":{"start":{"line":54,"column":26},"end":{"line":54,"column":41}}},"4":{"name":"(anonymous_4)","line":66,"loc":{"start":{"line":66,"column":17},"end":{"line":66,"column":28}}},"5":{"name":"(anonymous_5)","line":81,"loc":{"start":{"line":81,"column":36},"end":{"line":81,"column":47}}},"6":{"name":"(anonymous_6)","line":91,"loc":{"start":{"line":91,"column":19},"end":{"line":91,"column":32}}},"7":{"name":"(anonymous_7)","line":105,"loc":{"start":{"line":105,"column":18},"end":{"line":105,"column":33}}},"8":{"name":"analyzejshint","line":117,"loc":{"start":{"line":117,"column":0},"end":{"line":117,"column":48}}},"9":{"name":"analyzejscs","line":131,"loc":{"start":{"line":131,"column":0},"end":{"line":131,"column":30}}},"10":{"name":"startPlatoVisualizer","line":141,"loc":{"start":{"line":141,"column":0},"end":{"line":141,"column":32}}},"11":{"name":"platoCompleted","line":153,"loc":{"start":{"line":153,"column":4},"end":{"line":153,"column":36}}},"12":{"name":"startTests","line":165,"loc":{"start":{"line":165,"column":0},"end":{"line":165,"column":37}}},"13":{"name":"karmaCompleted","line":173,"loc":{"start":{"line":173,"column":4},"end":{"line":173,"column":30}}},"14":{"name":"bytediffFormatter","line":183,"loc":{"start":{"line":183,"column":0},"end":{"line":183,"column":33}}},"15":{"name":"formatPercent","line":196,"loc":{"start":{"line":196,"column":0},"end":{"line":196,"column":39}}}},"statementMap":{"1":{"start":{"line":2,"column":0},"end":{"line":2,"column":27}},"2":{"start":{"line":3,"column":0},"end":{"line":3,"column":25}},"3":{"start":{"line":4,"column":0},"end":{"line":4,"column":27}},"4":{"start":{"line":5,"column":0},"end":{"line":5,"column":36}},"5":{"start":{"line":6,"column":0},"end":{"line":6,"column":36}},"6":{"start":{"line":7,"column":0},"end":{"line":7,"column":29}},"7":{"start":{"line":8,"column":0},"end":{"line":8,"column":42}},"8":{"start":{"line":10,"column":0},"end":{"line":15,"column":2}},"9":{"start":{"line":17,"column":0},"end":{"line":17,"column":30}},"10":{"start":{"line":18,"column":0},"end":{"line":18,"column":24}},"11":{"start":{"line":23,"column":0},"end":{"line":23,"column":36}},"12":{"start":{"line":29,"column":0},"end":{"line":38,"column":3}},"13":{"start":{"line":30,"column":4},"end":{"line":30,"column":57}},"14":{"start":{"line":32,"column":4},"end":{"line":32,"column":43}},"15":{"start":{"line":33,"column":4},"end":{"line":33,"column":39}},"16":{"start":{"line":35,"column":4},"end":{"line":35,"column":27}},"17":{"start":{"line":37,"column":4},"end":{"line":37,"column":31}},"18":{"start":{"line":44,"column":0},"end":{"line":60,"column":3}},"19":{"start":{"line":45,"column":4},"end":{"line":45,"column":66}},"20":{"start":{"line":47,"column":4},"end":{"line":59,"column":38}},"21":{"start":{"line":55,"column":12},"end":{"line":57,"column":13}},"22":{"start":{"line":56,"column":16},"end":{"line":56,"column":40}},"23":{"start":{"line":66,"column":0},"end":{"line":76,"column":3}},"24":{"start":{"line":67,"column":4},"end":{"line":67,"column":59}},"25":{"start":{"line":69,"column":4},"end":{"line":75,"column":38}},"26":{"start":{"line":81,"column":0},"end":{"line":83,"column":3}},"27":{"start":{"line":82,"column":4},"end":{"line":82,"column":37}},"28":{"start":{"line":91,"column":0},"end":{"line":97,"column":3}},"29":{"start":{"line":92,"column":4},"end":{"line":92,"column":60}},"30":{"start":{"line":93,"column":4},"end":{"line":93,"column":59}},"31":{"start":{"line":95,"column":4},"end":{"line":95,"column":47}},"32":{"start":{"line":96,"column":4},"end":{"line":96,"column":22}},"33":{"start":{"line":105,"column":0},"end":{"line":107,"column":3}},"34":{"start":{"line":106,"column":4},"end":{"line":106,"column":42}},"35":{"start":{"line":117,"column":0},"end":{"line":124,"column":1}},"36":{"start":{"line":118,"column":4},"end":{"line":118,"column":55}},"37":{"start":{"line":119,"column":4},"end":{"line":119,"column":26}},"38":{"start":{"line":120,"column":4},"end":{"line":123,"column":54}},"39":{"start":{"line":131,"column":0},"end":{"line":136,"column":1}},"40":{"start":{"line":132,"column":4},"end":{"line":132,"column":24}},"41":{"start":{"line":133,"column":4},"end":{"line":135,"column":38}},"42":{"start":{"line":141,"column":0},"end":{"line":157,"column":1}},"43":{"start":{"line":142,"column":4},"end":{"line":142,"column":25}},"44":{"start":{"line":144,"column":4},"end":{"line":144,"column":39}},"45":{"start":{"line":146,"column":4},"end":{"line":148,"column":6}},"46":{"start":{"line":149,"column":4},"end":{"line":149,"column":37}},"47":{"start":{"line":151,"column":4},"end":{"line":151,"column":61}},"48":{"start":{"line":153,"column":4},"end":{"line":156,"column":5}},"49":{"start":{"line":154,"column":8},"end":{"line":154,"column":55}},"50":{"start":{"line":155,"column":8},"end":{"line":155,"column":30}},"51":{"start":{"line":165,"column":0},"end":{"line":176,"column":1}},"52":{"start":{"line":166,"column":4},"end":{"line":169,"column":23}},"53":{"start":{"line":173,"column":4},"end":{"line":175,"column":5}},"54":{"start":{"line":174,"column":8},"end":{"line":174,"column":15}},"55":{"start":{"line":183,"column":0},"end":{"line":188,"column":1}},"56":{"start":{"line":184,"column":4},"end":{"line":184,"column":67}},"57":{"start":{"line":185,"column":4},"end":{"line":187,"column":75}},"58":{"start":{"line":196,"column":0},"end":{"line":198,"column":1}},"59":{"start":{"line":197,"column":4},"end":{"line":197,"column":42}}},"branchMap":{"1":{"line":55,"type":"if","locations":[{"start":{"line":55,"column":12},"end":{"line":55,"column":12}},{"start":{"line":55,"column":12},"end":{"line":55,"column":12}}]},"2":{"line":118,"type":"binary-expr","locations":[{"start":{"line":118,"column":23},"end":{"line":118,"column":37}},{"start":{"line":118,"column":41},"end":{"line":118,"column":54}}]},"3":{"line":184,"type":"cond-expr","locations":[{"start":{"line":184,"column":42},"end":{"line":184,"column":53}},{"start":{"line":184,"column":56},"end":{"line":184,"column":66}}]}},"code":["/* jshint node:true, camelcase:false */","var gulp = require('gulp');","var del = require('del');","var glob = require('glob');","var karma = require('karma').server;","var merge = require('merge-stream');","var plato = require('plato');","var plug = require('gulp-load-plugins')();","","var paths = {","    js: './toastr.js',","    css: './toastr.css',","    report: './report',","    build: './build'","};","","var colors = plug.util.colors;","var log = plug.util.log;","","/**"," * List the available gulp tasks"," */","gulp.task('help', plug.taskListing);","","/**"," * Lint the code, create coverage report, and a visualizer"," * @return {Stream}"," */","gulp.task('analyze', function() {","    log('Analyzing source with JSHint, JSCS, and Plato');","","    var jshint = analyzejshint([paths.js]);","    var jscs = analyzejscs([paths.js]);","","    startPlatoVisualizer();","","    return merge(jshint, jscs);","});","","/**"," * Minify and bundle the app's JavaScript"," * @return {Stream}"," */","gulp.task('js', function() {","    log('Bundling, minifying, and copying the app\\'s JavaScript');","","    return gulp","        .src(paths.js)","        .pipe(plug.sourcemaps.init())","        .pipe(plug.bytediff.start())","        .pipe(plug.uglify({}))","        .pipe(plug.bytediff.stop(bytediffFormatter))","        .pipe(plug.sourcemaps.write('.'))","        .pipe(plug.rename(function(path) {","            if (path.extname === '.js') {","                path.basename += '.min';","            }","        }))","        .pipe(gulp.dest(paths.build));","});","","/**"," * Minify and bundle the CSS"," * @return {Stream}"," */","gulp.task('css', function() {","    log('Bundling, minifying, and copying the app\\'s CSS');","","    return gulp.src(paths.css)","//        .pipe(plug.autoprefixer('last 2 version', '> 5%'))","        .pipe(plug.bytediff.start())","        .pipe(plug.minifyCss({}))","        .pipe(plug.bytediff.stop(bytediffFormatter))","        .pipe(plug.rename('toastr.min.css'))","        .pipe(gulp.dest(paths.build));","});","","/**"," * Build js and css"," */","gulp.task('default', ['js', 'css'], function() {","    log('Analyze, Build CSS and JS');","});","","/**"," * Remove all files from the build folder"," * One way to run clean before all tasks is to run"," * from the cmd line: gulp clean && gulp build"," * @return {Stream}"," */","gulp.task('clean', function(cb) {","    log('Cleaning: ' + plug.util.colors.blue(paths.report));","    log('Cleaning: ' + plug.util.colors.blue(paths.build));","","    var delPaths = [paths.build, paths.report];","    del(delPaths, cb);","});","","/**"," * Run specs once and exit"," * To start servers and run midway specs as well:"," *    gulp test --startServers"," * @return {Stream}"," */","gulp.task('test', function(done) {","    startTests(true /*singleRun*/ , done);","});","","////////////////","","/**"," * Execute JSHint on given source files"," * @param  {Array} sources"," * @param  {String} overrideRcFile"," * @return {Stream}"," */","function analyzejshint(sources, overrideRcFile) {","    var jshintrcFile = overrideRcFile || './.jshintrc';","    log('Running JSHint');","    return gulp","        .src(sources)","        .pipe(plug.jshint(jshintrcFile))","        .pipe(plug.jshint.reporter('jshint-stylish'));","}","","/**"," * Execute JSCS on given source files"," * @param  {Array} sources"," * @return {Stream}"," */","function analyzejscs(sources) {","    log('Running JSCS');","    return gulp","        .src(sources)","        .pipe(plug.jscs('./.jscsrc'));","}","","/**"," * Start Plato inspector and visualizer"," */","function startPlatoVisualizer() {","    log('Running Plato');","","    var files = glob.sync('toastr.js');","","    var options = {","        title: 'Plato Inspections Report'","    };","    var outputDir = './report/plato';","","    plato.inspect(files, outputDir, options, platoCompleted);","","    function platoCompleted(report) {","        var overview = plato.getOverviewReport(report);","        log(overview.summary);","    }","}","","/**"," * Start the tests using karma."," * @param  {boolean} singleRun - True means run once and end (CI), or keep running (dev)"," * @param  {Function} done - Callback to fire when karma is done"," * @return {undefined}"," */","function startTests(singleRun, done) {","    karma.start({","        configFile: __dirname + '/karma.conf.js',","        singleRun: !!singleRun","    }, karmaCompleted);","","    ////////////////","","    function karmaCompleted() {","        done();","    }","}","","/**"," * Formatter for bytediff to display the size changes after processing"," * @param  {Object} data - byte data"," * @return {String}      Difference in bytes, formatted"," */","function bytediffFormatter(data) {","    var difference = (data.savings > 0) ? ' smaller.' : ' larger.';","    return data.fileName + ' went from ' +","        (data.startSize / 1000).toFixed(2) + ' kB to ' + (data.endSize / 1000).toFixed(2) + ' kB' +","        ' and is ' + formatPercent(1 - data.percent, 2) + '%' + difference;","}","","/**"," * Format a number as a percentage"," * @param  {Number} num       Number to format as a percent"," * @param  {Number} precision Precision of the decimal"," * @return {Number}           Formatted perentage"," */","function formatPercent(num, precision) {","    return (num * 100).toFixed(precision);","}",""],"l":{"2":2,"3":0,"4":0,"5":0,"6":0,"7":0,"8":0,"10":0,"17":0,"18":0,"23":0,"29":0,"30":0,"32":0,"33":0,"35":0,"37":0,"44":0,"45":0,"47":0,"55":0,"56":0,"66":0,"67":0,"69":0,"81":0,"82":0,"91":0,"92":0,"93":0,"95":0,"96":0,"105":0,"106":0,"117":1,"118":0,"119":0,"120":0,"131":1,"132":0,"133":0,"141":1,"142":0,"144":0,"146":0,"149":0,"151":0,"153":1,"154":0,"155":0,"165":1,"166":0,"173":1,"174":0,"183":1,"184":0,"185":0,"196":1,"197":0}}}